Log started: 2026-01-14T20:13:41.643909+00:00
Source: download/washington/irc-2021/chapter-5-floors.csv
--------------------------------------------------

[2026-01-14T20:13:41.648040+00:00] Row Index: 10
TITLE: Structural Glued Laminated Timbers
BODY: Glued laminated timbers shall be manufactured and identified as required in ANSI A190.1, ANSI 117 an...
ESTIMATED TOKENS SENT: 28
RESPONSE: {"ifc_type": ["Beam", "Column", "Member"], "occupancy": ["Assembly (A)", "Business (B)", "Educational (E)", "Residential (R)", "Institutional (I)"], "design_phase": ["dd", "cd"], "code_category": "structural_design", "primary_responsibility": "structural_engineer"}
--------------------
[2026-01-14T20:13:43.042756+00:00] Row Index: 34
TITLE: Design
BODY: Wood trusses shall be designed in accordance with approved engineering practice. The design and manu...
ESTIMATED TOKENS SENT: 76
RESPONSE: {"ifc_type": ["Beam", "Member", "BuildingElementProxy"], "occupancy": ["Assembly (A)", "Business (B)", "Educational (E)", "Residential (R)", "Storage (S)"], "design_phase": ["sd", "dd", "cd"], "code_category": "structural_design", "primary_responsibility": "structural_engineer"}
--------------------
[2026-01-14T20:13:45.172936+00:00] Row Index: 35
TITLE: Bracing
BODY: Trusses shall be braced to prevent rotation and provide lateral stability in accordance with the req...
ESTIMATED TOKENS SENT: 96
RESPONSE: {"ifc_type": ["Member", "Beam"], "occupancy": ["Assembly (A)", "Business (B)", "Educational (E)", "Factory and Industrial (F)", "Residential (R)"], "design_phase": ["sd", "dd", "cd"], "code_category": "structural_design", "primary_responsibility": "structural_engineer"}
--------------------
[2026-01-14T20:13:46.905927+00:00] Row Index: 36
TITLE: Alterations to Trusses
BODY: Truss members and components shall not be cut, notched, spliced or otherwise altered in any way with...
ESTIMATED TOKENS SENT: 76
RESPONSE: {"ifc_type": ["Beam", "Member", "BuildingElementProxy"], "occupancy": ["Assembly (A)", "Business (B)", "Educational (E)", "Factory and Industrial (F)", "Residential (R)"], "design_phase": ["sd", "dd", "cd"], "code_category": "structural_design", "primary_responsibility": "structural_engineer"}
--------------------
[2026-01-14T20:13:48.778419+00:00] Row Index: 37
TITLE: Truss Design Drawings
BODY: Truss design drawings, prepared in compliance with Section R502.11.1, shall be submitted to the buil...
ESTIMATED TOKENS SENT: 285
RESPONSE: {"ifc_type": ["Member", "Beam", "Slab"], "occupancy": ["Assembly (A)", "Business (B)", "Educational (E)", "Factory and Industrial (F)", "Residential (R)"], "design_phase": ["cd", "ca"], "code_category": "structural_design", "primary_responsibility": "structural_engineer"}
--------------------
[2026-01-14T20:13:50.280747+00:00] Row Index: 38
TITLE: Draftstopping Required
BODY: Draftstopping shall be provided in accordance with Section R302.12....
ESTIMATED TOKENS SENT: 13
RESPONSE: {"ifc_type": ["Wall", "Slab", "Covering"], "occupancy": ["Residential (R)"], "design_phase": ["sd", "dd", "cd"], "code_category": "fire_resistance_smoke_protection", "primary_responsibility": "architect"}
--------------------
[2026-01-14T20:13:52.663732+00:00] Row Index: 39
TITLE: Fireblocking Required
BODY: Fireblocking shall be provided in accordance with Section R302.11....
ESTIMATED TOKENS SENT: 13
RESPONSE: {"ifc_type": ["Wall", "Floor", "Slab"], "occupancy": ["Residential (R)"], "design_phase": ["sd", "dd", "cd"], "code_category": "fire_resistance_smoke_protection", "primary_responsibility": "architect"}
--------------------
[2026-01-14T20:13:54.481142+00:00] Row Index: 87
TITLE: Site Preparation
BODY: The area within the foundation walls shall have all vegetation, top soil and foreign material remove...
ESTIMATED TOKENS SENT: 22
RESPONSE: {"ifc_type": ["Footing", "Slab", "BuildingElementProxy"], "occupancy": ["Assembly (A)", "Business (B)", "Educational (E)", "Factory and Industrial (F)", "Residential (R)"], "design_phase": ["sd", "dd", "cd"], "code_category": "site_planning", "primary_responsibility": "civil_engineer"}
--------------------
[2026-01-14T20:13:56.894048+00:00] Row Index: 88
TITLE: Fill
BODY: Fill material shall be free of vegetation and foreign material. The fill shall be compacted to ensur...
ESTIMATED TOKENS SENT: 64
RESPONSE: {"ifc_type": ["Slab", "EarthworksElement"], "occupancy": ["Assembly (A)", "Business (B)", "Educational (E)", "Factory and Industrial (F)", "Residential (R)"], "design_phase": ["sd", "dd", "cd"], "code_category": "site_planning", "primary_responsibility": "civil_engineer"}
--------------------
[2026-01-14T20:13:59.341546+00:00] Row Index: 89
TITLE: Base
BODY: A 4-inch-thick (102 mm) base course consisting of clean graded sand, gravel, crushed stone, crushed ...
ESTIMATED TOKENS SENT: 97
RESPONSE: {"ifc_type": ["Slab"], "occupancy": ["Assembly (A)", "Business (B)", "Educational (E)", "Factory and Industrial (F)", "Residential (R)"], "design_phase": ["sd", "dd", "cd"], "code_category": "assemblies_envelope", "primary_responsibility": "architect"}
--------------------
[2026-01-14T20:14:01.629461+00:00] Row Index: 90
TITLE: Vapor Retarder
BODY: A minimum 10-mil (0.010 inch; 0.254 mm) vapor retarder conforming to ASTM E1745 Class A requirements...
ESTIMATED TOKENS SENT: 150
RESPONSE: {"ifc_type": ["Slab"], "occupancy": ["Business (B)", "Mercantile (M)", "Residential (R)", "Assembly (A)", "Educational (E)"], "design_phase": ["sd", "dd", "cd"], "code_category": "assemblies_envelope", "primary_responsibility": "architect"}
--------------------
[2026-01-14T20:14:03.050499+00:00] Row Index: 91
TITLE: Reinforcement Support
BODY: Where provided in slabs-on-ground, reinforcement shall be supported to remain in place from the cent...
ESTIMATED TOKENS SENT: 38
RESPONSE: {"ifc_type": ["Slab"], "occupancy": ["Assembly (A)", "Business (B)", "Educational (E)", "Factory and Industrial (F)", "Residential (R)"], "design_phase": ["sd", "dd", "cd"], "code_category": "structural_design", "primary_responsibility": "structural_engineer"}
--------------------
[2026-01-14T20:14:04.466565+00:00] Row Index: 126
TITLE: Deck Lateral Load Connections
BODY: Lateral loads shall be transferred to the ground or to a structure capable of transmitting them to t...
ESTIMATED TOKENS SENT: 222
RESPONSE: {"ifc_type": ["Slab", "Beam", "Column", "Footing", "Wall"], "occupancy": ["Residential (R)", "Assembly (A)"], "design_phase": ["sd", "dd", "cd"], "code_category": "structural_design", "primary_responsibility": "structural_engineer"}
--------------------

==================================================
SUMMARY STATISTICS
Total Rows Processed by AI: 13
Total Estimated Tokens Sent: 1180
==================================================

CSV Saved Successfully at 2026-01-14T20:14:06.032895+00:00