Log started: 2026-01-14T14:44:53.295037+00:00
Source: download/alabama/iebc-2021/chapter-4-repairs.csv
--------------------------------------------------

[2026-01-14T14:44:53.301093+00:00] Row Index: 3
TITLE: Bleachers, Grandstands and Folding and Telescopic Seating
BODY: Repairs to existing bleachers, grandstands and folding and telescopic seating shall comply with ICC ...
ESTIMATED TOKENS SENT: 28
RESPONSE: {"ifc_type": ["Stair", "Slab", "Covering"], "occupancy": ["Assembly (A)"], "design_phase": ["sd", "dd", "cd", "ca"], "code_category": "special_construction", "primary_responsibility": "architect"}
--------------------
[2026-01-14T14:44:54.992282+00:00] Row Index: 27
TITLE: Material
BODY: Existing electrical wiring and equipment undergoing repair shall be allowed to be repaired or replac...
ESTIMATED TOKENS SENT: 24
RESPONSE: {"ifc_type": ["BuildingElementProxy"], "occupancy": ["Assembly (A)", "Business (B)", "Educational (E)", "Factory and Industrial (F)", "Residential (R)"], "design_phase": ["cd", "ca"], "code_category": "electrical_systems", "primary_responsibility": "electrical_engineer"}
--------------------
[2026-01-14T14:44:56.474229+00:00] Row Index: 28
TITLE: Receptacles
BODY: Replacement of electrical receptacles shall comply with the applicable requirements of Section 406.4...
ESTIMATED TOKENS SENT: 21
RESPONSE: {"ifc_type": ["BuildingElementProxy"], "occupancy": ["Assembly (A)", "Business (B)", "Educational (E)", "Factory and Industrial (F)", "Residential (R)"], "design_phase": ["cd", "ca"], "code_category": "electrical_systems", "primary_responsibility": "electrical_engineer"}
--------------------
[2026-01-14T14:44:58.076440+00:00] Row Index: 29
TITLE: Plug Fuses
BODY: Plug fuses of the Edison-base type shall be used for replacements only where there is no evidence of...
ESTIMATED TOKENS SENT: 42
RESPONSE: {"ifc_type": ["BuildingElementProxy"], "occupancy": ["Assembly (A)", "Business (B)", "Educational (E)", "Factory and Industrial (F)", "Residential (R)"], "design_phase": ["cd", "ca"], "code_category": "electrical_systems", "primary_responsibility": "electrical_engineer"}
--------------------
[2026-01-14T14:44:59.692693+00:00] Row Index: 30
TITLE: Nongrounding-Type Receptacles
BODY: For replacement of nongrounding-type receptacles with grounding-type receptacles and for branch circ...
ESTIMATED TOKENS SENT: 88
RESPONSE: {"ifc_type": ["BuildingElementProxy"], "occupancy": ["Business (B)", "Educational (E)", "Residential (R)", "Assembly (A)", "Mercantile (M)"], "design_phase": ["cd", "ca"], "code_category": "electrical_systems", "primary_responsibility": "electrical_engineer"}
--------------------
[2026-01-14T14:45:02.153590+00:00] Row Index: 31
TITLE: Health Care Facilities
BODY: Portions of electrical systems being repaired in Group I-2, ambulatory care facilities and outpatien...
ESTIMATED TOKENS SENT: 33
RESPONSE: {"ifc_type": ["BuildingElementProxy"], "occupancy": ["Institutional (I)"], "design_phase": ["cd", "ca"], "code_category": "electrical_systems", "primary_responsibility": "electrical_engineer"}
--------------------
[2026-01-14T14:45:03.360187+00:00] Row Index: 32
TITLE: Grounding of Appliances
BODY: Frames of electric ranges, wall-mounted ovens, counter-mounted cooking units, clothes dryers and out...
ESTIMATED TOKENS SENT: 64
RESPONSE: {"ifc_type": ["BuildingElementProxy"], "occupancy": ["Assembly (A)", "Business (B)", "Educational (E)", "Institutional (I)", "Residential (R)"], "design_phase": ["dd", "cd"], "code_category": "electrical_systems", "primary_responsibility": "electrical_engineer"}
--------------------

==================================================
SUMMARY STATISTICS
Total Rows Processed by AI: 7
Total Estimated Tokens Sent: 300
==================================================

CSV Saved Successfully at 2026-01-14T14:45:04.768224+00:00