Log started: 2026-01-14T15:58:52.469296+00:00
Source: download/florida/ibc-2023/chapter-3-use-and-occupancy-classification.csv
--------------------------------------------------

[2026-01-14T15:58:52.473578+00:00] Row Index: 2
TITLE: General
BODY: The provisions of this chapter shall control the classification of all buildings and structures as t...
ESTIMATED TOKENS SENT: 50
RESPONSE: {"ifc_type": ["BuildingElementProxy"], "occupancy": ["Assembly (A)", "Business (B)", "Educational (E)", "Factory and Industrial (F)", "Residential (R)"], "design_phase": ["concept", "sd", "dd"], "code_category": "occupancy_classification", "primary_responsibility": "architect"}
--------------------
[2026-01-14T15:58:53.876513+00:00] Row Index: 4
TITLE: Occupancy Classification
BODY: Occupancy classification is the formal designation of the primary purpose of the building, structure...
ESTIMATED TOKENS SENT: 316
RESPONSE: {"ifc_type": ["BuildingElementProxy"], "occupancy": ["Assembly (A)", "Business (B)", "Educational (E)", "Factory and Industrial (F)", "Residential (R)"], "design_phase": ["sd", "dd", "cd"], "code_category": "occupancy_classification", "primary_responsibility": "architect"}
--------------------
[2026-01-14T15:58:55.289493+00:00] Row Index: 5
TITLE: Use Designation
BODY: Occupancy groups contain subordinate uses having similar hazards and risks to building occupants. Us...
ESTIMATED TOKENS SENT: 70
RESPONSE: {"ifc_type": ["BuildingElementProxy"], "occupancy": ["Assembly (A)", "Business (B)", "Educational (E)", "Factory and Industrial (F)", "High Hazard (H)"], "design_phase": ["concept", "sd"], "code_category": "occupancy_classification", "primary_responsibility": "architect"}
--------------------
[2026-01-14T15:58:57.234253+00:00] Row Index: 7
TITLE: Assembly Group A
BODY: Assembly Group A occupancy includes, among others, the use of a building or structure, or a portion ...
ESTIMATED TOKENS SENT: 56
RESPONSE: {"ifc_type": ["Wall", "Door", "Slab"], "occupancy": ["Assembly (A)"], "design_phase": ["concept", "sd", "dd", "cd"], "code_category": "occupancy_classification", "primary_responsibility": "architect"}
--------------------
[2026-01-14T15:58:58.487622+00:00] Row Index: 8
TITLE: Small Buildings and Tenant Spaces
BODY: A building or tenant space used for assembly purposes with an occupant load of less than 50 persons ...
ESTIMATED TOKENS SENT: 40
RESPONSE: {"ifc_type": ["Wall", "Door", "Slab"], "occupancy": ["Assembly (A)", "Business (B)"], "design_phase": ["sd", "dd", "cd"], "code_category": "occupancy_classification", "primary_responsibility": "architect"}
--------------------
[2026-01-14T15:58:59.592178+00:00] Row Index: 9
TITLE: Small Assembly Spaces
BODY: The following rooms and spaces shall not be classified as Assembly occupancies:A room or space used ...
ESTIMATED TOKENS SENT: 114
RESPONSE: {"ifc_type": ["Wall", "Door", "Slab"], "occupancy": ["Assembly (A)", "Business (B)"], "design_phase": ["concept", "sd", "dd", "cd"], "code_category": "occupancy_classification", "primary_responsibility": "architect"}
--------------------
[2026-01-14T15:59:01.385602+00:00] Row Index: 10
TITLE: Associated With Group E Occupancies
BODY: A room or space used for assembly purposes that is associated with a Group E occupancy is not consid...
ESTIMATED TOKENS SENT: 34
RESPONSE: {"ifc_type": ["Wall", "Door", "Slab"], "occupancy": ["Educational (E)", "Assembly (A)"], "design_phase": ["sd", "dd", "cd"], "code_category": "occupancy_classification", "primary_responsibility": "architect"}
--------------------
[2026-01-14T15:59:02.868624+00:00] Row Index: 11
TITLE: Accessory to Places of Religious Worship
BODY: Accessory religious educational rooms and religious auditoriums with occupant loads of less than 100...
ESTIMATED TOKENS SENT: 37
RESPONSE: {"ifc_type": ["BuildingElementProxy", "Door", "Wall"], "occupancy": ["Assembly (A)", "Educational (E)"], "design_phase": ["sd", "dd", "cd"], "code_category": "occupancy_classification", "primary_responsibility": "architect"}
--------------------
[2026-01-14T15:59:04.222118+00:00] Row Index: 12
TITLE: Assembly Group A-1
BODY: Group A-1 occupancy includes assembly uses, usually with fixed seating, intended for the production ...
ESTIMATED TOKENS SENT: 54
RESPONSE: {"ifc_type": ["Wall", "Door", "Window"], "occupancy": ["Assembly (A)"], "design_phase": ["concept", "sd", "dd", "cd"], "code_category": "occupancy_classification", "primary_responsibility": "architect"}
--------------------
[2026-01-14T15:59:05.392615+00:00] Row Index: 13
TITLE: Assembly Group A-2
BODY: Group A-2 occupancy includes assembly uses intended for food and/or drink consumption including, but...
ESTIMATED TOKENS SENT: 44
RESPONSE: {"ifc_type": ["BuildingElementProxy", "Wall", "Door"], "occupancy": ["Assembly (A)"], "design_phase": ["concept", "sd", "dd", "cd"], "code_category": "occupancy_classification", "primary_responsibility": "architect"}
--------------------
[2026-01-14T15:59:06.739526+00:00] Row Index: 14
TITLE: Assembly Group A-3
BODY: Group A-3 occupancy includes assembly uses intended for worship, recreation or amusement and other a...
ESTIMATED TOKENS SENT: 88
RESPONSE: {"ifc_type": ["Wall", "Slab", "Door", "Window"], "occupancy": ["Assembly (A)"], "design_phase": ["sd", "dd", "cd"], "code_category": "occupancy_classification", "primary_responsibility": "architect"}
--------------------
[2026-01-14T15:59:08.138219+00:00] Row Index: 15
TITLE: Assembly Group A-4
BODY: Group A-4 occupancy includes assembly uses intended for viewing of indoor sporting events and activi...
ESTIMATED TOKENS SENT: 37
RESPONSE: {"ifc_type": ["Wall", "Slab", "Stair", "Railing"], "occupancy": ["Assembly (A)"], "design_phase": ["concept", "sd", "dd", "cd"], "code_category": "occupancy_classification", "primary_responsibility": "architect"}
--------------------
[2026-01-14T15:59:09.647367+00:00] Row Index: 16
TITLE: Assembly Group A-5
BODY: Group A-5 occupancy includes assembly uses intended for participation in or viewing outdoor activiti...
ESTIMATED TOKENS SENT: 30
RESPONSE: {"ifc_type": ["Stair", "Railing", "Slab", "Roof", "BuildingElementProxy"], "occupancy": ["Assembly (A)"], "design_phase": ["concept", "sd", "dd", "cd"], "code_category": "occupancy_classification", "primary_responsibility": "architect"}
--------------------
[2026-01-14T15:59:11.633224+00:00] Row Index: 18
TITLE: Business Group B
BODY: Business Group B occupancy includes, among others, the use of a building or structure, or a portion ...
ESTIMATED TOKENS SENT: 212
RESPONSE: {"ifc_type": ["Wall", "Door", "Slab"], "occupancy": ["Business (B)"], "design_phase": ["concept", "sd", "dd", "cd"], "code_category": "occupancy_classification", "primary_responsibility": "architect"}
--------------------
[2026-01-14T15:59:13.066332+00:00] Row Index: 19
TITLE: Definitions
BODY: The following terms are defined in Chapter 2:AMBULATORY CARE FACILITY.CLINIC, OUTPATIENT....
ESTIMATED TOKENS SENT: 14
RESPONSE: {"ifc_type": ["BuildingElementProxy"], "occupancy": ["Institutional (I)"], "design_phase": ["concept", "sd", "dd", "cd"], "code_category": "occupancy_classification", "primary_responsibility": "architect"}
--------------------
[2026-01-14T15:59:14.060877+00:00] Row Index: 20
TITLE: 304.3
BODY: Public and private colleges and universities shall comply with Section 468....
ESTIMATED TOKENS SENT: 14
RESPONSE: {"ifc_type": ["BuildingElementProxy"], "occupancy": ["Educational (E)"], "design_phase": ["concept", "sd", "dd", "cd"], "code_category": "occupancy_classification", "primary_responsibility": "architect"}
--------------------
[2026-01-14T15:59:15.369739+00:00] Row Index: 21
TITLE: 304.4
BODY: Florida colleges shall comply with Section 453....
ESTIMATED TOKENS SENT: 9
RESPONSE: {"ifc_type": ["BuildingElementProxy"], "occupancy": ["Educational (E)"], "design_phase": ["sd", "dd", "cd"], "code_category": "occupancy_classification", "primary_responsibility": "architect"}
--------------------
[2026-01-14T15:59:16.839749+00:00] Row Index: 23
TITLE: Educational Group E
BODY: Educational Group E occupancy includes, among others, the use of a building or structure, or a porti...
ESTIMATED TOKENS SENT: 48
RESPONSE: {"ifc_type": ["BuildingElementProxy", "Door", "Window", "Wall"], "occupancy": ["Educational (E)"], "design_phase": ["concept", "sd", "dd", "cd"], "code_category": "occupancy_classification", "primary_responsibility": "architect"}
--------------------
[2026-01-14T15:59:18.191983+00:00] Row Index: 24
TITLE: Accessory to Places of Religious Worship
BODY: Religious educational rooms and religious auditoriums, which are accessory to places of religious wo...
ESTIMATED TOKENS SENT: 57
RESPONSE: {"ifc_type": ["Wall", "Door", "Slab"], "occupancy": ["Assembly (A)", "Educational (E)"], "design_phase": ["sd", "dd", "cd"], "code_category": "occupancy_classification", "primary_responsibility": "architect"}
--------------------
[2026-01-14T15:59:19.635699+00:00] Row Index: 25
TITLE: Group E, Day Care Facilities
BODY: This group includes buildings and structures or portions thereof occupied by more than five children...
ESTIMATED TOKENS SENT: 53
RESPONSE: {"ifc_type": ["Wall", "Door", "Window"], "occupancy": ["Educational (E)"], "design_phase": ["concept", "sd", "dd", "cd"], "code_category": "occupancy_classification", "primary_responsibility": "architect"}
--------------------
[2026-01-14T15:59:20.923693+00:00] Row Index: 26
TITLE: Within Places of Religious Worship
BODY: Rooms and spaces within places of religious worship providing such day care during religious functio...
ESTIMATED TOKENS SENT: 37
RESPONSE: {"ifc_type": ["Wall", "Door", "Slab"], "occupancy": ["Assembly (A)", "Institutional (I)"], "design_phase": ["sd", "dd", "cd"], "code_category": "occupancy_classification", "primary_responsibility": "architect"}
--------------------
[2026-01-14T15:59:22.510372+00:00] Row Index: 27
TITLE: Five or Fewer Children
BODY: A facility having five or fewer children receiving such day care shall be classified as part of the ...
ESTIMATED TOKENS SENT: 30
RESPONSE: {"ifc_type": ["BuildingElementProxy"], "occupancy": ["Educational (E)", "Residential (R)"], "design_phase": ["concept", "sd", "dd", "cd"], "code_category": "occupancy_classification", "primary_responsibility": "architect"}
--------------------
[2026-01-14T15:59:24.020964+00:00] Row Index: 28
TITLE: Five or Fewer Children in a Dwelling Unit
BODY: A facility such as the above within a dwelling unit and having five or fewer children receiving such...
ESTIMATED TOKENS SENT: 58
RESPONSE: {"ifc_type": ["Wall", "Door", "Window"], "occupancy": ["Residential (R)"], "design_phase": ["sd", "dd", "cd"], "code_category": "occupancy_classification", "primary_responsibility": "architect"}
--------------------
[2026-01-14T15:59:26.171003+00:00] Row Index: 29
TITLE: 305.3
BODY: Public and private educational occupancies shall comply with Section 468....
ESTIMATED TOKENS SENT: 13
RESPONSE: {"ifc_type": ["BuildingElementProxy"], "occupancy": ["Educational (E)"], "design_phase": ["sd", "dd", "cd"], "code_category": "occupancy_classification", "primary_responsibility": "architect"}
--------------------
[2026-01-14T15:59:27.376311+00:00] Row Index: 30
TITLE: 305.4
BODY: Public education occupancies shall comply with Section 453....
ESTIMATED TOKENS SENT: 10
RESPONSE: {"ifc_type": ["BuildingElementProxy", "Wall", "Door"], "occupancy": ["Educational (E)"], "design_phase": ["sd", "dd", "cd"], "code_category": "occupancy_classification", "primary_responsibility": "architect"}
--------------------
[2026-01-14T15:59:28.799329+00:00] Row Index: 32
TITLE: Factory Industrial Group F
BODY: Factory Industrial Group F occupancy includes, among others, the use of a building or structure, or ...
ESTIMATED TOKENS SENT: 62
RESPONSE: {"ifc_type": ["BuildingElementProxy", "Wall", "Slab"], "occupancy": ["Factory and Industrial (F)"], "design_phase": ["concept", "sd", "dd", "cd"], "code_category": "occupancy_classification", "primary_responsibility": "architect"}
--------------------
[2026-01-14T15:59:31.666677+00:00] Row Index: 33
TITLE: Moderate-Hazard Factory Industrial, Group F-1
BODY: Factory industrial uses that are not classified as Factory Industrial F-2 Low Hazard shall be classi...
ESTIMATED TOKENS SENT: 173
RESPONSE: {"ifc_type": ["Wall", "Slab", "Door"], "occupancy": ["Factory and Industrial (F)"], "design_phase": ["concept", "sd", "dd", "cd"], "code_category": "occupancy_classification", "primary_responsibility": "architect"}
--------------------
[2026-01-14T15:59:33.192100+00:00] Row Index: 34
TITLE: Aircraft Manufacturing Facilities
BODY: Aircraft manufacturing facilities shall comply with Section 412.7....
ESTIMATED TOKENS SENT: 13
RESPONSE: {"ifc_type": ["BuildingElementProxy", "Wall", "Door", "Roof", "Slab"], "occupancy": ["Factory and Industrial (F)"], "design_phase": ["concept", "sd", "dd", "cd"], "code_category": "occupancy_classification", "primary_responsibility": "architect"}
--------------------
[2026-01-14T15:59:35.662310+00:00] Row Index: 35
TITLE: Low-Hazard Factory Industrial, Group F-2
BODY: Factory industrial uses that involve the fabrication or manufacturing of noncombustible materials th...
ESTIMATED TOKENS SENT: 80
RESPONSE: {"ifc_type": ["Wall", "Slab", "Roof"], "occupancy": ["Factory and Industrial (F)"], "design_phase": ["concept", "sd", "dd", "cd"], "code_category": "occupancy_classification", "primary_responsibility": "architect"}
--------------------
[2026-01-14T15:59:37.166843+00:00] Row Index: 37
TITLE: High-Hazard Group H
BODY: High-hazard Group H occupancy includes, among others, the use of a building or structure, or a porti...
ESTIMATED TOKENS SENT: 2201
RESPONSE: {"ifc_type": ["Wall", "Slab", "Roof"], "occupancy": ["High Hazard (H)"], "design_phase": ["sd", "dd", "cd"], "code_category": "hazardous_materials", "primary_responsibility": "architect"}
--------------------
[2026-01-14T15:59:38.434402+00:00] Row Index: 38
TITLE: Uses Other Than Group H
BODY: An occupancy that stores, uses or handles hazardous materials as described in one or more of the fol...
ESTIMATED TOKENS SENT: 552
RESPONSE: {"ifc_type": ["BuildingElementProxy", "Wall", "Slab"], "occupancy": ["Factory and Industrial (F)", "Mercantile (M)", "Storage (S)", "Business (B)", "Residential (R)"], "design_phase": ["sd", "dd", "cd"], "code_category": "occupancy_classification", "primary_responsibility": "architect"}
--------------------
[2026-01-14T15:59:40.286708+00:00] Row Index: 39
TITLE: Hazardous Materials
BODY: Hazardous materials in any quantity shall conform to the requirements of this code, including Sectio...
ESTIMATED TOKENS SENT: 30
RESPONSE: {"ifc_type": ["BuildingElementProxy", "Wall", "Door"], "occupancy": ["Factory and Industrial (F)", "High Hazard (H)", "Storage (S)"], "design_phase": ["sd", "dd", "cd"], "code_category": "hazardous_materials", "primary_responsibility": "architect"}
--------------------
[2026-01-14T15:59:41.830851+00:00] Row Index: 40
TITLE: Definitions
BODY: The following terms are defined in Chapter 2:AEROSOL CONTAINER. AEROSOL PRODUCT. Level 1 aerosol pro...
ESTIMATED TOKENS SENT: 233
RESPONSE: {"ifc_type": ["BuildingElementProxy"], "occupancy": ["Factory and Industrial (F)", "High Hazard (H)", "Storage (S)"], "design_phase": ["concept", "sd", "dd", "cd"], "code_category": "hazardous_materials", "primary_responsibility": "fire_protection_engineer"}
--------------------
[2026-01-14T15:59:44.431810+00:00] Row Index: 41
TITLE: High-Hazard Group H-1
BODY: Buildings and structures containing materials that pose a detonation hazard shall be classified as G...
ESTIMATED TOKENS SENT: 81
RESPONSE: {"ifc_type": ["Wall", "Door", "Slab"], "occupancy": ["High Hazard (H)"], "design_phase": ["sd", "dd", "cd"], "code_category": "occupancy_classification", "primary_responsibility": "architect"}
--------------------
[2026-01-14T15:59:47.184368+00:00] Row Index: 42
TITLE: Occupancies Containing Explosives Not Classified as H-1
BODY: The following occupancies containing explosive materials shall be classified as follows:Division 1.3...
ESTIMATED TOKENS SENT: 130
RESPONSE: {"ifc_type": ["BuildingElementProxy"], "occupancy": ["High Hazard (H)"], "design_phase": ["sd", "dd", "cd"], "code_category": "occupancy_classification", "primary_responsibility": "architect"}
--------------------
[2026-01-14T15:59:48.833751+00:00] Row Index: 43
TITLE: High-Hazard Group H-2
BODY: Buildings and structures containing materials that pose a deflagration hazard or a hazard from accel...
ESTIMATED TOKENS SENT: 202
RESPONSE: {"ifc_type": ["Wall", "Door", "Slab"], "occupancy": ["High Hazard (H)"], "design_phase": ["concept", "sd", "dd", "cd"], "code_category": "occupancy_classification", "primary_responsibility": "architect"}
--------------------
[2026-01-14T15:59:50.118939+00:00] Row Index: 44
TITLE: High-Hazard Group H-3
BODY: Buildings and structures containing materials that readily support combustion or that pose a physica...
ESTIMATED TOKENS SENT: 198
RESPONSE: {"ifc_type": ["Wall", "Door", "Slab"], "occupancy": ["High Hazard (H)"], "design_phase": ["concept", "sd", "dd", "cd"], "code_category": "occupancy_classification", "primary_responsibility": "architect"}
--------------------
[2026-01-14T15:59:52.420079+00:00] Row Index: 45
TITLE: High-Hazard Group H-4
BODY: Buildings and structures containing materials that are health hazards shall be classified as Group H...
ESTIMATED TOKENS SENT: 41
RESPONSE: {"ifc_type": ["Wall", "Door", "Slab"], "occupancy": ["High Hazard (H)"], "design_phase": ["concept", "sd", "dd", "cd"], "code_category": "occupancy_classification", "primary_responsibility": "architect"}
--------------------
[2026-01-14T15:59:53.768339+00:00] Row Index: 46
TITLE: High-Hazard Group H-5
BODY: Semiconductor fabrication facilities and comparable research and development areas in which hazardou...
ESTIMATED TOKENS SENT: 74
RESPONSE: {"ifc_type": ["Wall", "Door", "Slab"], "occupancy": ["High Hazard (H)"], "design_phase": ["sd", "dd", "cd"], "code_category": "occupancy_classification", "primary_responsibility": "architect"}
--------------------
[2026-01-14T15:59:55.379914+00:00] Row Index: 47
TITLE: Multiple Hazards
BODY: Buildings and structures containing a material or materials representing hazards that are classified...
ESTIMATED TOKENS SENT: 50
RESPONSE: {"ifc_type": ["Wall", "Door", "Slab"], "occupancy": ["High Hazard (H)"], "design_phase": ["sd", "dd", "cd"], "code_category": "hazardous_materials", "primary_responsibility": "architect"}
--------------------
[2026-01-14T15:59:56.566738+00:00] Row Index: 49
TITLE: Institutional Group I
BODY: Institutional Group I occupancy includes, among others, the use of a building or structure, or a por...
ESTIMATED TOKENS SENT: 97
RESPONSE: {"ifc_type": ["Wall", "Door", "Window", "Slab"], "occupancy": ["Institutional (I)"], "design_phase": ["concept", "sd", "dd", "cd"], "code_category": "occupancy_classification", "primary_responsibility": "architect"}
--------------------
[2026-01-14T15:59:57.968375+00:00] Row Index: 50
TITLE: Definitions
BODY: The following terms are defined in Chapter 2:24-HOUR BASIS. CUSTODIAL CARE. DETOXIFICATION FACILITIE...
ESTIMATED TOKENS SENT: 36
RESPONSE: {"ifc_type": ["BuildingElementProxy"], "occupancy": ["Institutional (I)"], "design_phase": ["concept", "sd", "dd", "cd"], "code_category": "occupancy_classification", "primary_responsibility": "architect"}
--------------------
[2026-01-14T15:59:59.630193+00:00] Row Index: 51
TITLE: Institutional Group I-1
BODY: Institutional Group I-1 occupancy shall include buildings, structures or portions thereof for more t...
ESTIMATED TOKENS SENT: 105
RESPONSE: {"ifc_type": ["Wall", "Door", "Slab"], "occupancy": ["Institutional (I)"], "design_phase": ["concept", "sd", "dd", "cd"], "code_category": "occupancy_classification", "primary_responsibility": "architect"}
--------------------
[2026-01-14T16:00:00.702577+00:00] Row Index: 52
TITLE: Condition 1
BODY: This occupancy condition shall include buildings in which all persons receiving custodial care who, ...
ESTIMATED TOKENS SENT: 40
RESPONSE: {"ifc_type": ["Door", "Stair", "Ramp", "Slab", "Wall"], "occupancy": ["Institutional (I)"], "design_phase": ["sd", "dd", "cd"], "code_category": "occupancy_classification", "primary_responsibility": "architect"}
--------------------
[2026-01-14T16:00:02.172950+00:00] Row Index: 53
TITLE: Condition 2
BODY: This occupancy condition shall include buildings in which there are any persons receiving custodial ...
ESTIMATED TOKENS SENT: 44
RESPONSE: {"ifc_type": ["Door", "Ramp", "Stair", "StairFlight", "Wall"], "occupancy": ["Institutional (I)"], "design_phase": ["sd", "dd", "cd"], "code_category": "occupancy_classification", "primary_responsibility": "architect"}
--------------------
[2026-01-14T16:00:03.778769+00:00] Row Index: 54
TITLE: Six to 16 Persons Receiving Custodial Care
BODY: A facility housing not fewer than six and not more than 16 persons receiving custodial care shall be...
ESTIMATED TOKENS SENT: 37
RESPONSE: {"ifc_type": ["BuildingElementProxy"], "occupancy": ["Residential (R)"], "design_phase": ["concept", "sd", "dd", "cd"], "code_category": "occupancy_classification", "primary_responsibility": "architect"}
--------------------
[2026-01-14T16:00:07.535026+00:00] Row Index: 55
TITLE: Five or Fewer Persons Receiving Custodial Care
BODY: A facility with five or fewer persons receiving custodial care shall be classified as Group R-3 or s...
ESTIMATED TOKENS SENT: 69
RESPONSE: {"ifc_type": ["Wall", "Door", "Slab"], "occupancy": ["Residential (R)", "Institutional (I)"], "design_phase": ["sd", "dd", "cd"], "code_category": "occupancy_classification", "primary_responsibility": "architect"}
--------------------
[2026-01-14T16:00:09.307217+00:00] Row Index: 56
TITLE: Institutional Group I-2
BODY: Institutional Group I-2 occupancy shall include buildings and structures used for medical care on a ...
ESTIMATED TOKENS SENT: 60
RESPONSE: {"ifc_type": ["Wall", "Door", "Slab"], "occupancy": ["Institutional (I)"], "design_phase": ["concept", "sd", "dd", "cd"], "code_category": "occupancy_classification", "primary_responsibility": "architect"}
--------------------
[2026-01-14T16:00:10.716236+00:00] Row Index: 57
TITLE: Occupancy Conditions
BODY: Buildings of Group I-2 shall be classified as one of the occupancy conditions specified in Section 3...
ESTIMATED TOKENS SENT: 26
RESPONSE: {"ifc_type": ["BuildingElementProxy"], "occupancy": ["Institutional (I)"], "design_phase": ["concept", "sd", "dd", "cd"], "code_category": "occupancy_classification", "primary_responsibility": "architect"}
--------------------
[2026-01-14T16:00:12.970461+00:00] Row Index: 58
TITLE: Condition 1
BODY: This occupancy condition shall include facilities that provide nursing and medical care but do not p...
ESTIMATED TOKENS SENT: 53
RESPONSE: {"ifc_type": ["Wall", "Door", "Window"], "occupancy": ["Institutional (I)"], "design_phase": ["sd", "dd", "cd"], "code_category": "occupancy_classification", "primary_responsibility": "architect"}
--------------------
[2026-01-14T16:00:14.132376+00:00] Row Index: 59
TITLE: Condition 2
BODY: This occupancy condition shall include facilities that provide nursing and medical care and could pr...
ESTIMATED TOKENS SENT: 45
RESPONSE: {"ifc_type": ["BuildingElementProxy", "Door", "Wall", "Window"], "occupancy": ["Institutional (I)"], "design_phase": ["sd", "dd", "cd"], "code_category": "occupancy_classification", "primary_responsibility": "architect"}
--------------------
[2026-01-14T16:00:15.689210+00:00] Row Index: 60
TITLE: Five or Fewer Persons Receiving Medical Care
BODY: A facility with five or fewer persons receiving medical care shall be classified as Group R-3 or sha...
ESTIMATED TOKENS SENT: 69
RESPONSE: {"ifc_type": ["Wall", "Door", "Slab"], "occupancy": ["Residential (R)", "Institutional (I)"], "design_phase": ["sd", "dd", "cd"], "code_category": "occupancy_classification", "primary_responsibility": "architect"}
--------------------
[2026-01-14T16:00:17.143009+00:00] Row Index: 61
TITLE: Institutional Group I-3
BODY: Institutional Group I-3 occupancy shall include buildings and structures that are inhabited by more ...
ESTIMATED TOKENS SENT: 110
RESPONSE: {"ifc_type": ["Wall", "Door", "Window", "Slab", "BuildingElementProxy"], "occupancy": ["Institutional (I)"], "design_phase": ["concept", "sd", "dd", "cd"], "code_category": "occupancy_classification", "primary_responsibility": "architect"}
--------------------
[2026-01-14T16:00:19.438443+00:00] Row Index: 62
TITLE: Condition 1
BODY: This occupancy condition shall include buildings in which free movement is allowed from sleeping are...
ESTIMATED TOKENS SENT: 61
RESPONSE: {"ifc_type": ["Door", "Ramp", "Stair", "Slab", "Wall"], "occupancy": ["Residential (R)"], "design_phase": ["sd", "dd", "cd"], "code_category": "means_of_egress", "primary_responsibility": "architect"}
--------------------
[2026-01-14T16:00:20.783051+00:00] Row Index: 63
TITLE: Condition 2
BODY: This occupancy condition shall include buildings in which free movement is allowed from sleeping are...
ESTIMATED TOKENS SENT: 50
RESPONSE: {"ifc_type": ["Door", "Wall"], "occupancy": ["Institutional (I)"], "design_phase": ["sd", "dd", "cd"], "code_category": "means_of_egress", "primary_responsibility": "architect"}
--------------------
[2026-01-14T16:00:22.876470+00:00] Row Index: 64
TITLE: Condition 3
BODY: This occupancy condition shall include buildings in which free movement is allowed within individual...
ESTIMATED TOKENS SENT: 69
RESPONSE: {"ifc_type": ["Door", "Wall"], "occupancy": ["Residential (R)", "Institutional (I)"], "design_phase": ["sd", "dd", "cd"], "code_category": "means_of_egress", "primary_responsibility": "architect"}
--------------------
[2026-01-14T16:00:24.509688+00:00] Row Index: 65
TITLE: Condition 4
BODY: This occupancy condition shall include buildings in which free movement is restricted from an occupi...
ESTIMATED TOKENS SENT: 54
RESPONSE: {"ifc_type": ["Door", "Wall", "BuildingElementProxy"], "occupancy": ["Institutional (I)"], "design_phase": ["sd", "dd", "cd"], "code_category": "means_of_egress", "primary_responsibility": "architect"}
--------------------
[2026-01-14T16:00:25.891372+00:00] Row Index: 66
TITLE: Condition 5
BODY: This occupancy condition shall include buildings in which free movement is restricted from an occupi...
ESTIMATED TOKENS SENT: 56
RESPONSE: {"ifc_type": ["Door", "Wall", "BuildingElementProxy"], "occupancy": ["Institutional (I)"], "design_phase": ["sd", "dd", "cd"], "code_category": "means_of_egress", "primary_responsibility": "architect"}
--------------------
[2026-01-14T16:00:27.410436+00:00] Row Index: 67
TITLE: Institutional Group I-4, Day Care Facilities
BODY: Institutional Group I-4 occupancy shall include buildings and structures occupied by more than five ...
ESTIMATED TOKENS SENT: 100
RESPONSE: {"ifc_type": ["Wall", "Door", "Slab"], "occupancy": ["Institutional (I)"], "design_phase": ["concept", "sd", "dd", "cd"], "code_category": "occupancy_classification", "primary_responsibility": "architect"}
--------------------
[2026-01-14T16:00:29.076982+00:00] Row Index: 68
TITLE: Classification as Group E
BODY: A child day care facility that provides care for more than five but not more than 100 children 21/2 ...
ESTIMATED TOKENS SENT: 92
RESPONSE: {"ifc_type": ["Door", "Wall"], "occupancy": ["Educational (E)"], "design_phase": ["sd", "dd", "cd"], "code_category": "occupancy_classification", "primary_responsibility": "architect"}
--------------------
[2026-01-14T16:00:30.829573+00:00] Row Index: 69
TITLE: Within a Place of Religious Worship
BODY: Rooms and spaces within places of religious worship providing such care during religious functions s...
ESTIMATED TOKENS SENT: 37
RESPONSE: {"ifc_type": ["BuildingElementProxy", "Wall", "Door"], "occupancy": ["Assembly (A)"], "design_phase": ["concept", "sd", "dd", "cd"], "code_category": "occupancy_classification", "primary_responsibility": "architect"}
--------------------
[2026-01-14T16:00:31.975376+00:00] Row Index: 70
TITLE: Five or Fewer Persons Receiving Care
BODY: A facility having five or fewer persons receiving custodial care shall be classified as part of the ...
ESTIMATED TOKENS SENT: 32
RESPONSE: {"ifc_type": ["BuildingElementProxy"], "occupancy": ["Institutional (I)"], "design_phase": ["concept", "sd", "dd", "cd"], "code_category": "occupancy_classification", "primary_responsibility": "architect"}
--------------------
[2026-01-14T16:00:33.030086+00:00] Row Index: 71
TITLE: Five or Fewer Persons Receiving Care in a Dwelling Unit
BODY: A facility such as the above within a dwelling unit and having five or fewer persons receiving custo...
ESTIMATED TOKENS SENT: 60
RESPONSE: {"ifc_type": ["Wall", "Door", "Slab"], "occupancy": ["Residential (R)", "Institutional (I)"], "design_phase": ["sd", "dd", "cd"], "code_category": "occupancy_classification", "primary_responsibility": "architect"}
--------------------
[2026-01-14T16:00:34.804004+00:00] Row Index: 73
TITLE: Mercantile Group M
BODY: Mercantile Group M occupancy includes, among others, the use of a building or structure or a portion...
ESTIMATED TOKENS SENT: 84
RESPONSE: {"ifc_type": ["BuildingElementProxy", "Door", "Window", "Slab"], "occupancy": ["Mercantile (M)"], "design_phase": ["concept", "sd", "dd", "cd"], "code_category": "occupancy_classification", "primary_responsibility": "architect"}
--------------------
[2026-01-14T16:00:36.439519+00:00] Row Index: 74
TITLE: Quantity of Hazardous Materials
BODY: The aggregate quantity of nonflammable solid and nonflammable or noncombustible liquid hazardous mat...
ESTIMATED TOKENS SENT: 49
RESPONSE: {"ifc_type": ["BuildingElementProxy", "Slab", "Wall"], "occupancy": ["Mercantile (M)"], "design_phase": ["sd", "dd", "cd"], "code_category": "hazardous_materials", "primary_responsibility": "architect"}
--------------------
[2026-01-14T16:00:37.732516+00:00] Row Index: 76
TITLE: Residential Group R
BODY: Residential Group R includes, among others, the use of a building or structure, or a portion thereof...
ESTIMATED TOKENS SENT: 53
RESPONSE: {"ifc_type": ["Wall", "Slab", "Door"], "occupancy": ["Residential (R)"], "design_phase": ["concept", "sd", "dd", "cd"], "code_category": "occupancy_classification", "primary_responsibility": "architect"}
--------------------
[2026-01-14T16:00:38.977531+00:00] Row Index: 77
TITLE: Definitions
BODY: The following terms are defined in Chapter 2:BOARDING HOUSE. CONGREGATE LIVING FACILITIES. DORMITORY...
ESTIMATED TOKENS SENT: 30
RESPONSE: {"ifc_type": ["BuildingElementProxy"], "occupancy": ["Residential (R)", "Institutional (I)"], "design_phase": ["concept", "sd", "dd", "cd"], "code_category": "occupancy_classification", "primary_responsibility": "architect"}
--------------------
[2026-01-14T16:00:40.252617+00:00] Row Index: 78
TITLE: Residential Group R-1
BODY: Residential Group R-1 occupancies containing sleeping units where the occupants are primarily transi...
ESTIMATED TOKENS SENT: 46
RESPONSE: {"ifc_type": ["Wall", "Door", "Window", "Slab"], "occupancy": ["Residential (R)"], "design_phase": ["concept", "sd", "dd", "cd"], "code_category": "occupancy_classification", "primary_responsibility": "architect"}
--------------------
[2026-01-14T16:00:42.051518+00:00] Row Index: 79
TITLE: Residential Group R-2
BODY: Residential Group R-2 occupancies containing sleeping units or more than two dwelling units where th...
ESTIMATED TOKENS SENT: 56
RESPONSE: {"ifc_type": ["Wall", "Door", "Slab"], "occupancy": ["Residential (R)"], "design_phase": ["concept", "sd", "dd", "cd"], "code_category": "occupancy_classification", "primary_responsibility": "architect"}
--------------------
[2026-01-14T16:00:43.506135+00:00] Row Index: 80
TITLE: Residential Group R-3
BODY: Residential Group R-3 occupancies where the occupants are primarily permanent in nature and not clas...
ESTIMATED TOKENS SENT: 117
RESPONSE: {"ifc_type": ["BuildingElementProxy", "Door", "Window"], "occupancy": ["Residential (R)"], "design_phase": ["concept", "sd", "dd", "cd"], "code_category": "occupancy_classification", "primary_responsibility": "architect"}
--------------------
[2026-01-14T16:00:45.117544+00:00] Row Index: 81
TITLE: Care Facilities Within a Dwelling
BODY: Care facilities for five or fewer persons receiving care that are within a single-family dwelling ar...
ESTIMATED TOKENS SENT: 66
RESPONSE: {"ifc_type": ["BuildingElementProxy", "Door", "Wall", "Slab"], "occupancy": ["Residential (R)", "Institutional (I)"], "design_phase": ["sd", "dd", "cd"], "code_category": "occupancy_classification", "primary_responsibility": "architect"}
--------------------
[2026-01-14T16:00:47.331630+00:00] Row Index: 82
TITLE: Lodging Houses
BODY: Owner-occupied lodging houses with five or fewer guest rooms and 10 or fewer occupants shall be perm...
ESTIMATED TOKENS SENT: 68
RESPONSE: {"ifc_type": ["Wall", "Door", "Slab"], "occupancy": ["Residential (R)"], "design_phase": ["sd", "dd", "cd"], "code_category": "fire_protection_alarm_systems", "primary_responsibility": "architect"}
--------------------
[2026-01-14T16:00:48.615344+00:00] Row Index: 83
TITLE: Residential Group R-4
BODY: Residential Group R-4 occupancy shall include buildings, structures or portions thereof for more tha...
ESTIMATED TOKENS SENT: 176
RESPONSE: {"ifc_type": ["Wall", "Door", "Slab"], "occupancy": ["Residential (R)"], "design_phase": ["sd", "dd", "cd"], "code_category": "occupancy_classification", "primary_responsibility": "architect"}
--------------------
[2026-01-14T16:00:50.443189+00:00] Row Index: 84
TITLE: Condition 1
BODY: This occupancy condition shall include buildings in which all persons receiving custodial care, with...
ESTIMATED TOKENS SENT: 38
RESPONSE: {"ifc_type": ["Wall", "Door", "Stair", "Ramp", "BuildingElementProxy"], "occupancy": ["Institutional (I)"], "design_phase": ["sd", "dd", "cd"], "code_category": "occupancy_classification", "primary_responsibility": "architect"}
--------------------
[2026-01-14T16:00:51.990537+00:00] Row Index: 85
TITLE: Condition 2
BODY: This occupancy condition shall include buildings in which there are any persons receiving custodial ...
ESTIMATED TOKENS SENT: 44
RESPONSE: {"ifc_type": ["Door", "Stair", "Ramp", "Corridor", "BuildingElementProxy"], "occupancy": ["Institutional (I)"], "design_phase": ["concept", "sd", "dd", "cd"], "code_category": "occupancy_classification", "primary_responsibility": "architect"}
--------------------
[2026-01-14T16:00:53.565407+00:00] Row Index: 87
TITLE: Storage Group S
BODY: Storage Group S occupancy includes, among others, the use of a building or structure, or a portion t...
ESTIMATED TOKENS SENT: 40
RESPONSE: {"ifc_type": ["BuildingElementProxy", "Slab", "Wall", "Door", "Window"], "occupancy": ["Storage (S)"], "design_phase": ["concept", "sd", "dd", "cd"], "code_category": "occupancy_classification", "primary_responsibility": "architect"}
--------------------
[2026-01-14T16:00:55.282010+00:00] Row Index: 88
TITLE: Accessory Storage Spaces
BODY: A room or space used for storage purposes that is accessory to another occupancy shall be classified...
ESTIMATED TOKENS SENT: 32
RESPONSE: {"ifc_type": ["Slab", "Wall", "Door", "BuildingElementProxy"], "occupancy": ["Assembly (A)", "Business (B)", "Educational (E)", "Factory and Industrial (F)", "Residential (R)"], "design_phase": ["sd", "dd", "cd"], "code_category": "occupancy_classification", "primary_responsibility": "architect"}
--------------------
[2026-01-14T16:00:57.213070+00:00] Row Index: 89
TITLE: Moderate-Hazard Storage, Group S-1
BODY: Storage Group S-1 occupancies are buildings occupied for storage uses that are not classified as Gro...
ESTIMATED TOKENS SENT: 146
RESPONSE: {"ifc_type": ["Wall", "Slab", "Roof"], "occupancy": ["Storage (S)"], "design_phase": ["concept", "sd", "dd", "cd"], "code_category": "occupancy_classification", "primary_responsibility": "architect"}
--------------------
[2026-01-14T16:00:58.964349+00:00] Row Index: 90
TITLE: Low-Hazard Storage, Group S-2
BODY: Storage Group S-2 occupancies include, among others, buildings used for the storage of noncombustibl...
ESTIMATED TOKENS SENT: 193
RESPONSE: {"ifc_type": ["Wall", "Slab", "Column", "Door", "Window"], "occupancy": ["Storage (S)"], "design_phase": ["concept", "sd", "dd", "cd"], "code_category": "occupancy_classification", "primary_responsibility": "architect"}
--------------------
[2026-01-14T16:01:00.513214+00:00] Row Index: 92
TITLE: General
BODY: Buildings and structures of an accessory character and miscellaneous structures not classified in an...
ESTIMATED TOKENS SENT: 129
RESPONSE: {"ifc_type": ["BuildingElementProxy", "Wall", "Roof", "Slab", "Column"], "occupancy": ["Utility and Miscellaneous (U)"], "design_phase": ["concept", "sd", "dd", "cd"], "code_category": "occupancy_classification", "primary_responsibility": "architect"}
--------------------

==================================================
SUMMARY STATISTICS
Total Rows Processed by AI: 80
Total Estimated Tokens Sent: 8414
==================================================

CSV Saved Successfully at 2026-01-14T16:01:02.190419+00:00