Log started: 2026-01-14T15:44:45.299204+00:00
Source: download/colorado/iebc-2021/chapter-4-repairs.csv
--------------------------------------------------

[2026-01-14T15:44:45.306073+00:00] Row Index: 3
TITLE: Bleachers, Grandstands and Folding and Telescopic Seating
BODY: Repairs to existing bleachers, grandstands and folding and telescopic seating shall comply with ICC ...
ESTIMATED TOKENS SENT: 28
RESPONSE: {"ifc_type": ["BuildingElementProxy", "Stair", "Slab", "Railing"], "occupancy": ["Assembly (A)"], "design_phase": ["sd", "dd", "cd"], "code_category": "special_construction", "primary_responsibility": "architect"}
--------------------
[2026-01-14T15:44:46.745218+00:00] Row Index: 27
TITLE: Material
BODY: Existing electrical wiring and equipment undergoing repair shall be allowed to be repaired or replac...
ESTIMATED TOKENS SENT: 24
RESPONSE: {"ifc_type": ["BuildingElementProxy"], "occupancy": ["Business (B)", "Residential (R)", "Assembly (A)", "Mercantile (M)", "Institutional (I)"], "design_phase": ["cd", "ca"], "code_category": "electrical_systems", "primary_responsibility": "electrical_engineer"}
--------------------
[2026-01-14T15:44:48.446221+00:00] Row Index: 28
TITLE: Receptacles
BODY: Replacement of electrical receptacles shall comply with the applicable requirements of Section 406.4...
ESTIMATED TOKENS SENT: 21
RESPONSE: {"ifc_type": ["BuildingElementProxy"], "occupancy": ["Assembly (A)", "Business (B)", "Educational (E)", "Factory and Industrial (F)", "Residential (R)"], "design_phase": ["cd", "ca"], "code_category": "electrical_systems", "primary_responsibility": "electrical_engineer"}
--------------------
[2026-01-14T15:44:50.694986+00:00] Row Index: 29
TITLE: Plug Fuses
BODY: Plug fuses of the Edison-base type shall be used for replacements only where there is no evidence of...
ESTIMATED TOKENS SENT: 42
RESPONSE: {"ifc_type": ["BuildingElementProxy"], "occupancy": ["Business (B)", "Assembly (A)", "Educational (E)", "Residential (R)", "Mercantile (M)"], "design_phase": ["cd", "ca"], "code_category": "electrical_systems", "primary_responsibility": "electrical_engineer"}
--------------------
[2026-01-14T15:44:52.356347+00:00] Row Index: 30
TITLE: Nongrounding-Type Receptacles
BODY: For replacement of nongrounding-type receptacles with grounding-type receptacles and for branch circ...
ESTIMATED TOKENS SENT: 88
RESPONSE: {"ifc_type": ["BuildingElementProxy"], "occupancy": ["Business (B)", "Educational (E)", "Residential (R)", "Assembly (A)", "Mercantile (M)"], "design_phase": ["dd", "cd"], "code_category": "electrical_systems", "primary_responsibility": "electrical_engineer"}
--------------------
[2026-01-14T15:44:53.877115+00:00] Row Index: 31
TITLE: Health Care Facilities
BODY: Portions of electrical systems being repaired in Group I-2, ambulatory care facilities and outpatien...
ESTIMATED TOKENS SENT: 33
RESPONSE: {"ifc_type": ["BuildingElementProxy", "ElectricalSystem"], "occupancy": ["Institutional (I)"], "design_phase": ["cd", "ca"], "code_category": "electrical_systems", "primary_responsibility": "electrical_engineer"}
--------------------
[2026-01-14T15:44:55.708355+00:00] Row Index: 32
TITLE: Grounding of Appliances
BODY: Frames of electric ranges, wall-mounted ovens, counter-mounted cooking units, clothes dryers and out...
ESTIMATED TOKENS SENT: 64
RESPONSE: {"ifc_type": ["BuildingElementProxy"], "occupancy": ["Residential (R)", "Business (B)", "Assembly (A)", "Institutional (I)", "Mercantile (M)"], "design_phase": ["dd", "cd"], "code_category": "electrical_systems", "primary_responsibility": "electrical_engineer"}
--------------------

==================================================
SUMMARY STATISTICS
Total Rows Processed by AI: 7
Total Estimated Tokens Sent: 300
==================================================

CSV Saved Successfully at 2026-01-14T15:44:57.190434+00:00