Log started: 2026-01-14T20:04:01.836985+00:00
Source: download/tennessee/ibc-2021/chapter-4-special-detailed-requirements-based-on-occupancy-and-use.csv
--------------------------------------------------

[2026-01-14T20:04:01.842283+00:00] Row Index: 63
TITLE: Wall Assembly Materials—Soft Body Impact
BODY: The panels making up the enclosures for interior exit stairways and elevator hoistway enclosures sha...
ESTIMATED TOKENS SENT: 62
RESPONSE: {"ifc_type": ["Wall", "BuildingElementProxy"], "occupancy": ["Assembly (A)", "Business (B)", "Educational (E)", "Institutional (I)", "Residential (R)"], "design_phase": ["sd", "dd", "cd"], "code_category": "finishes_materials", "primary_responsibility": "architect"}
--------------------
[2026-01-14T20:04:03.547897+00:00] Row Index: 64
TITLE: Wall Assembly Materials—Hard Body Impact
BODY: The panels making up the enclosures for interior exit stairways and elevator hoistway enclosures tha...
ESTIMATED TOKENS SENT: 182
RESPONSE: {"ifc_type": ["Wall", "BuildingElementProxy"], "occupancy": ["Assembly (A)", "Business (B)", "Educational (E)", "Institutional (I)", "Residential (R)"], "design_phase": ["sd", "dd", "cd"], "code_category": "finishes_materials", "primary_responsibility": "architect"}
--------------------
[2026-01-14T20:04:05.346762+00:00] Row Index: 65
TITLE: Concrete and Masonry Walls
BODY: Concrete or masonry walls shall be deemed to satisfy the requirements of Sections 403.2.2.1 and 403....
ESTIMATED TOKENS SENT: 25
RESPONSE: {"ifc_type": ["Wall"], "occupancy": ["Assembly (A)", "Business (B)", "Educational (E)", "Institutional (I)", "Residential (R)"], "design_phase": ["sd", "dd", "cd"], "code_category": "structural_design", "primary_responsibility": "structural_engineer"}
--------------------
[2026-01-14T20:04:07.457137+00:00] Row Index: 66
TITLE: Other Wall Assemblies
BODY: Any other wall assembly that provides impact resistance equivalent to that required by Sections 403....
ESTIMATED TOKENS SENT: 61
RESPONSE: {"ifc_type": ["Wall"], "occupancy": ["Assembly (A)", "Business (B)", "Educational (E)", "Institutional (I)", "Residential (R)"], "design_phase": ["sd", "dd", "cd"], "code_category": "assemblies_envelope", "primary_responsibility": "architect"}
--------------------
[2026-01-14T20:04:09.042021+00:00] Row Index: 67
TITLE: Sprayed Fire-Resistant Materials (SFRM)
BODY: The bond strength of the SFRM installed throughout the building shall be in accordance with Table 40...
ESTIMATED TOKENS SENT: 92
RESPONSE: {"ifc_type": ["Wall", "Column", "Beam", "Slab"], "occupancy": ["Assembly (A)", "Business (B)", "Educational (E)", "Factory and Industrial (F)", "Residential (R)"], "design_phase": ["dd", "cd", "ca"], "code_category": "fire_resistance_smoke_protection", "primary_responsibility": "architect"}
--------------------
[2026-01-14T20:04:11.196320+00:00] Row Index: 70
TITLE: Riser Location
BODY: Sprinkler risers shall be placed in interior exit stairways and ramps that are remotely located in a...
ESTIMATED TOKENS SENT: 28
RESPONSE: {"ifc_type": ["Stair", "Ramp"], "occupancy": ["Assembly (A)", "Business (B)", "Educational (E)", "Factory and Industrial (F)", "Institutional (I)"], "design_phase": ["sd", "dd", "cd"], "code_category": "fire_protection_alarm_systems", "primary_responsibility": "fire_protection_engineer"}
--------------------
[2026-01-14T20:04:13.385612+00:00] Row Index: 131
TITLE: Automatic Garage Door Openers and Vehicular Gates
BODY: Automatic garage door openers shall be listed and labeled in accordance with UL 325. Where provided,...
ESTIMATED TOKENS SENT: 40
RESPONSE: {"ifc_type": ["Door", "BuildingElementProxy"], "occupancy": ["Residential (R)", "Business (B)", "Utility and Miscellaneous (U)"], "design_phase": ["sd", "dd", "cd"], "code_category": "special_construction", "primary_responsibility": "architect"}
--------------------
[2026-01-14T20:04:16.004751+00:00] Row Index: 211
TITLE: Doors Within Care Suites
BODY: Doors in care suites serving habitable rooms shall be permitted to comply with one of the following:...
ESTIMATED TOKENS SENT: 65
RESPONSE: {"ifc_type": ["Door"], "occupancy": ["Institutional (I)"], "design_phase": ["sd", "dd", "cd"], "code_category": "means_of_egress", "primary_responsibility": "architect"}
--------------------
[2026-01-14T20:04:19.366922+00:00] Row Index: 212
TITLE: Care Suites Containing Sleeping Room Areas
BODY: Sleeping rooms shall be permitted to be grouped into care suites where one of the following criteria...
ESTIMATED TOKENS SENT: 101
RESPONSE: {"ifc_type": ["Wall", "Door", "Window"], "occupancy": ["Institutional (I)"], "design_phase": ["sd", "dd", "cd"], "code_category": "means_of_egress", "primary_responsibility": "architect"}
--------------------
[2026-01-14T20:04:20.710116+00:00] Row Index: 213
TITLE: Area
BODY: Care suites containing sleeping rooms shall be not greater than 7,500 square feet (696 m2) in area.E...
ESTIMATED TOKENS SENT: 74
RESPONSE: {"ifc_type": ["Wall", "Door", "Slab"], "occupancy": ["Institutional (I)"], "design_phase": ["sd", "dd", "cd"], "code_category": "building_height_area_limits", "primary_responsibility": "architect"}
--------------------
[2026-01-14T20:04:22.234358+00:00] Row Index: 214
TITLE: Exit Access
BODY: Any sleeping room, or any care suite that contains sleeping rooms, of more than 1,000 square feet (9...
ESTIMATED TOKENS SENT: 52
RESPONSE: {"ifc_type": ["Door", "Wall"], "occupancy": ["Institutional (I)", "Residential (R)"], "design_phase": ["sd", "dd", "cd"], "code_category": "means_of_egress", "primary_responsibility": "architect"}
--------------------
[2026-01-14T20:04:23.539201+00:00] Row Index: 215
TITLE: Care Suites Not Containing Sleeping Rooms
BODY: Areas not containing sleeping rooms, but only treatment areas and the associated rooms, spaces or ci...
ESTIMATED TOKENS SENT: 56
RESPONSE: {"ifc_type": ["Wall", "Door", "Slab"], "occupancy": ["Institutional (I)"], "design_phase": ["sd", "dd", "cd"], "code_category": "occupancy_classification", "primary_responsibility": "architect"}
--------------------
[2026-01-14T20:04:26.269126+00:00] Row Index: 302
TITLE: Standpipes
BODY: Standpipe systems shall be provided in accordance with Section 905....
ESTIMATED TOKENS SENT: 13
RESPONSE: {"ifc_type": ["BuildingElementProxy", "Wall", "Stair", "Slab", "Column"], "occupancy": ["Assembly (A)", "Business (B)", "Educational (E)", "Factory and Industrial (F)", "Residential (R)"], "design_phase": ["sd", "dd", "cd"], "code_category": "fire_protection_alarm_systems", "primary_responsibility": "fire_protection_engineer"}
--------------------
[2026-01-14T20:04:28.398192+00:00] Row Index: 306
TITLE: Automatic Smoke Detection
BODY: Buildings containing special amusement areas shall be equipped with an automatic smoke detection sys...
ESTIMATED TOKENS SENT: 28
RESPONSE: {"ifc_type": ["BuildingElementProxy"], "occupancy": ["Assembly (A)"], "design_phase": ["sd", "dd", "cd"], "code_category": "fire_protection_alarm_systems", "primary_responsibility": "fire_protection_engineer"}
--------------------
[2026-01-14T20:04:29.967121+00:00] Row Index: 307
TITLE: Emergency Voice/Alarm Communications System
BODY: An emergency voice/alarm communications system shall be provided in accordance with Section 907.2.12...
ESTIMATED TOKENS SENT: 21
RESPONSE: {"ifc_type": ["BuildingElementProxy"], "occupancy": ["Assembly (A)", "Business (B)", "Educational (E)", "Institutional (I)", "Residential (R)"], "design_phase": ["sd", "dd", "cd"], "code_category": "fire_protection_alarm_systems", "primary_responsibility": "fire_protection_engineer"}
--------------------
[2026-01-14T20:04:31.237564+00:00] Row Index: 308
TITLE: Puzzle Room Exiting
BODY: Puzzle room exiting shall comply with one of the following:Exiting in accordance with Chapter 10.An ...
ESTIMATED TOKENS SENT: 66
RESPONSE: {"ifc_type": ["Door", "BuildingElementProxy"], "occupancy": ["Assembly (A)"], "design_phase": ["sd", "dd", "cd"], "code_category": "means_of_egress", "primary_responsibility": "architect"}
--------------------
[2026-01-14T20:04:32.926652+00:00] Row Index: 309
TITLE: Exit Marking
BODY: Exit signs shall be installed at the required exit or exit access doorways serving special amusement...
ESTIMATED TOKENS SENT: 174
RESPONSE: {"ifc_type": ["Door", "Wall", "Slab"], "occupancy": ["Assembly (A)"], "design_phase": ["sd", "dd", "cd"], "code_category": "means_of_egress", "primary_responsibility": "architect"}
--------------------
[2026-01-14T20:04:35.549410+00:00] Row Index: 310
TITLE: Photoluminescent Exit Signs
BODY: Where photoluminescent exit signs are installed, activating light source and viewing distance shall ...
ESTIMATED TOKENS SENT: 34
RESPONSE: {"ifc_type": ["Wall", "BuildingElementProxy"], "occupancy": ["Assembly (A)", "Business (B)", "Educational (E)", "Institutional (I)", "Residential (R)"], "design_phase": ["sd", "dd", "cd"], "code_category": "means_of_egress", "primary_responsibility": "architect"}
--------------------
[2026-01-14T20:04:37.316534+00:00] Row Index: 311
TITLE: Interior Finish
BODY: The interior finish in special amusement areas shall be Class A in accordance with Section 803.1....
ESTIMATED TOKENS SENT: 22
RESPONSE: {"ifc_type": ["Wall", "Ceiling", "Covering"], "occupancy": ["Assembly (A)"], "design_phase": ["sd", "dd", "cd"], "code_category": "finishes_materials", "primary_responsibility": "architect"}
--------------------
[2026-01-14T20:04:39.308628+00:00] Row Index: 318
TITLE: Sprayed Fire-Resistant Materials (SFRM)
BODY: The bond strength of the SFRM installed in airport traffic control towers shall be in accordance wit...
ESTIMATED TOKENS SENT: 58
RESPONSE: {"ifc_type": ["Wall", "Column", "Beam", "Slab"], "occupancy": ["Utility and Miscellaneous (U)"], "design_phase": ["dd", "cd"], "code_category": "fire_resistance_smoke_protection", "primary_responsibility": "architect"}
--------------------
[2026-01-14T20:04:41.344445+00:00] Row Index: 450
TITLE: Aggregate Quantities
BODY: The aggregate quantities of hazardous materials stored and used in a single fabrication area shall n...
ESTIMATED TOKENS SENT: 686
RESPONSE: {"ifc_type": ["BuildingElementProxy"], "occupancy": ["High Hazard (H)"], "design_phase": ["sd", "dd", "cd"], "code_category": "hazardous_materials", "primary_responsibility": "fire_protection_engineer"}
--------------------
[2026-01-14T20:04:42.763620+00:00] Row Index: 451
TITLE: Hazardous Production Materials
BODY: The maximum quantities of hazardous production materials (HPM) stored in a single fabrication area s...
ESTIMATED TOKENS SENT: 44
RESPONSE: {"ifc_type": ["BuildingElementProxy"], "occupancy": ["Factory and Industrial (F)", "High Hazard (H)"], "design_phase": ["sd", "dd", "cd"], "code_category": "hazardous_materials", "primary_responsibility": "architect"}
--------------------

==================================================
SUMMARY STATISTICS
Total Rows Processed by AI: 22
Total Estimated Tokens Sent: 1984
==================================================

CSV Saved Successfully at 2026-01-14T20:04:44.401333+00:00