Log started: 2026-01-14T16:03:08.735269+00:00
Source: download/florida/iebc-2023/chapter-3-provisions-for-all-compliance-methods.csv
--------------------------------------------------

[2026-01-14T16:03:08.741142+00:00] Row Index: 2
TITLE: General
BODY: The repair, alteration, change of occupancy, addition or relocation of all existing buildings shall ...
ESTIMATED TOKENS SENT: 29
RESPONSE: {"ifc_type": ["Wall", "Slab", "Door", "Window", "Roof"], "occupancy": ["Assembly (A)", "Business (B)", "Educational (E)", "Residential (R)", "Mercantile (M)"], "design_phase": ["sd", "dd", "cd"], "code_category": "occupancy_classification", "primary_responsibility": "architect"}
--------------------
[2026-01-14T16:03:10.397529+00:00] Row Index: 3
TITLE: Bleachers, Grandstands and Folding and Telescopic Seating
BODY: Existing bleachers, grandstands and folding and telescopic seating shall comply with ICC 300....
ESTIMATED TOKENS SENT: 25
RESPONSE: {"ifc_type": ["BuildingElementProxy"], "occupancy": ["Assembly (A)"], "design_phase": ["sd", "dd", "cd"], "code_category": "special_construction", "primary_responsibility": "architect"}
--------------------
[2026-01-14T16:03:11.902298+00:00] Row Index: 5
TITLE: Alteration, Change of Occupancy, Addition or Relocation
BODY: The alteration, change of occupancy, addition or relocation of all existing buildings shall comply w...
ESTIMATED TOKENS SENT: 202
RESPONSE: {"ifc_type": ["Wall", "Column", "Slab"], "occupancy": ["Assembly (A)", "Business (B)", "Residential (R)"], "design_phase": ["sd", "dd", "cd"], "code_category": "occupancy_classification", "primary_responsibility": "architect"}
--------------------
[2026-01-14T16:03:15.346151+00:00] Row Index: 9
TITLE: Concrete Evaluation and Design Procedures
BODY: Evaluation and design of structural concrete in compliance with ACI 562 shall be permitted.Exception...
ESTIMATED TOKENS SENT: 49
RESPONSE: {"ifc_type": ["Slab", "Beam", "Column", "Footing", "Wall"], "occupancy": ["Assembly (A)", "Business (B)", "Educational (E)", "Factory and Industrial (F)", "Residential (R)"], "design_phase": ["sd", "dd", "cd"], "code_category": "structural_design", "primary_responsibility": "structural_engineer"}
--------------------
[2026-01-14T16:03:16.437834+00:00] Row Index: 10
TITLE: Existing Mechanical Equipment
BODY: An agency or local government may not require that existing mechanical equipment located on or above...
ESTIMATED TOKENS SENT: 85
RESPONSE: {"ifc_type": ["Roof", "MechanicalSystem"], "occupancy": ["Assembly (A)", "Business (B)", "Educational (E)", "Factory and Industrial (F)", "High Hazard (H)"], "design_phase": ["sd", "dd", "cd"], "code_category": "mechanical_systems", "primary_responsibility": "mechanical_engineer"}
--------------------
[2026-01-14T16:03:18.152728+00:00] Row Index: 11
TITLE: Relocated Buildings
BODY: Relocated buildings shall comply with the requirements of Chapter 13 of this code....
ESTIMATED TOKENS SENT: 18
RESPONSE: {"ifc_type": ["BuildingElementProxy"], "occupancy": ["Assembly (A)", "Business (B)", "Educational (E)", "Factory and Industrial (F)", "Residential (R)"], "design_phase": ["sd", "dd", "cd"], "code_category": "special_construction", "primary_responsibility": "architect"}
--------------------
[2026-01-14T16:03:29.171158+00:00] Row Index: 13
TITLE: Applicability
BODY: The provisions of Section 302 apply to all alterations, repairs, additions, relocations of structure...
ESTIMATED TOKENS SENT: 29
RESPONSE: {"ifc_type": ["Wall", "Column", "Roof"], "occupancy": ["Assembly (A)", "Business (B)", "Residential (R)"], "design_phase": ["sd", "dd", "cd"], "code_category": "occupancy_classification", "primary_responsibility": "architect"}
--------------------
[2026-01-14T16:03:31.281951+00:00] Row Index: 18
TITLE: Swimming Pools
BODY: The provisions of Sections 302.6.1 and 302.6.2 apply to all alterations, repairs, additions, and rel...
ESTIMATED TOKENS SENT: 34
RESPONSE: {"ifc_type": ["Slab", "Covering", "BuildingElementProxy"], "occupancy": ["Assembly (A)", "Residential (R)"], "design_phase": ["sd", "dd", "cd"], "code_category": "special_construction", "primary_responsibility": "architect"}
--------------------
[2026-01-14T16:03:33.650797+00:00] Row Index: 19
TITLE: Ground-Fault Circuit-Interrupter Protection for Personnel
BODY: Outlets supplying repaired, replaced, altered, or relocated pool pump motors connected to single-pha...
ESTIMATED TOKENS SENT: 110
RESPONSE: {"ifc_type": ["BuildingElementProxy"], "occupancy": ["Assembly (A)", "Business (B)", "Educational (E)", "Institutional (I)", "Residential (R)"], "design_phase": ["dd", "cd"], "code_category": "electrical_systems", "primary_responsibility": "electrical_engineer"}
--------------------
[2026-01-14T16:03:35.129397+00:00] Row Index: 20
TITLE: Equipotential Bonding
BODY: Any of the parts specified in 680.26(B)(1) through (B)(7) of the NFPA 70, National Electrical Code t...
ESTIMATED TOKENS SENT: 445
RESPONSE: {"ifc_type": ["Slab", "Covering", "BuildingElementProxy"], "occupancy": ["Assembly (A)", "Residential (R)"], "design_phase": ["sd", "dd", "cd"], "code_category": "electrical_systems", "primary_responsibility": "electrical_engineer"}
--------------------
[2026-01-14T16:03:36.559509+00:00] Row Index: 23
TITLE: Additions and Replacements
BODY: Where an exterior wall covering or exterior wall envelope is added or replaced, the materials and me...
ESTIMATED TOKENS SENT: 114
RESPONSE: {"ifc_type": ["Wall", "Covering", "BuildingElementProxy"], "occupancy": ["Assembly (A)", "Business (B)", "Educational (E)", "Factory and Industrial (F)", "Residential (R)"], "design_phase": ["sd", "dd", "cd"], "code_category": "assemblies_envelope", "primary_responsibility": "architect"}
--------------------

==================================================
SUMMARY STATISTICS
Total Rows Processed by AI: 11
Total Estimated Tokens Sent: 1140
==================================================

CSV Saved Successfully at 2026-01-14T16:03:38.243501+00:00