Log started: 2026-01-14T16:06:16.711710+00:00
Source: download/florida/iebc-2023/chapter-4-repairs.csv
--------------------------------------------------

[2026-01-14T16:06:16.718991+00:00] Row Index: 3
TITLE: Bleachers, Grandstands and Folding and Telescopic Seating
BODY: Repairs to existing bleachers, grandstands and folding and telescopic seating shall comply with ICC ...
ESTIMATED TOKENS SENT: 28
RESPONSE: {"ifc_type": ["BuildingElementProxy", "Member", "Slab"], "occupancy": ["Assembly (A)"], "design_phase": ["sd", "dd", "cd"], "code_category": "special_construction", "primary_responsibility": "architect"}
--------------------
[2026-01-14T16:06:20.138332+00:00] Row Index: 4
TITLE: Application
BODY: Repairs shall comply with the requirements of this chapter and with the provisions of Section 706. R...
ESTIMATED TOKENS SENT: 34
RESPONSE: {"ifc_type": ["Wall", "Roof", "Slab"], "occupancy": ["Assembly (A)", "Business (B)", "Educational (E)", "Residential (R)", "Mercantile (M)"], "design_phase": ["sd", "dd", "cd"], "code_category": "special_construction", "primary_responsibility": "architect"}
--------------------
[2026-01-14T16:06:23.259648+00:00] Row Index: 5
TITLE: Conformance
BODY: The work shall not make the building less conforming than it was before the repair was undertaken....
ESTIMATED TOKENS SENT: 22
RESPONSE: {"ifc_type": ["Wall", "Slab", "Roof"], "occupancy": ["Assembly (A)", "Business (B)", "Educational (E)", "Residential (R)", "Storage (S)"], "design_phase": ["cd", "ca"], "code_category": "occupancy_classification", "primary_responsibility": "architect"}
--------------------
[2026-01-14T16:06:24.930514+00:00] Row Index: 6
TITLE: Related Work
BODY: Work on nondamaged components that is necessary for the required repair of damaged components shall ...
ESTIMATED TOKENS SENT: 50
RESPONSE: {"ifc_type": ["Wall", "Slab", "Roof"], "occupancy": ["Assembly (A)", "Business (B)", "Residential (R)"], "design_phase": ["sd", "dd", "cd"], "code_category": "special_construction", "primary_responsibility": "architect"}
--------------------
[2026-01-14T16:06:26.513759+00:00] Row Index: 7
TITLE: Flood Hazard Areas
BODY: In flood hazard areas, repairs that constitute substantial improvement shall require that the buildi...
ESTIMATED TOKENS SENT: 49
RESPONSE: {"ifc_type": ["Slab", "Wall", "Footing"], "occupancy": ["Residential (R)", "Business (B)", "Assembly (A)"], "design_phase": ["sd", "dd", "cd"], "code_category": "site_planning", "primary_responsibility": "architect"}
--------------------
[2026-01-14T16:06:28.293094+00:00] Row Index: 8
TITLE: Structure Seaward of a Coastal Construction Line
BODY: Structures located seaward of the coastal construction line shall be designed to resist the predicte...
ESTIMATED TOKENS SENT: 50
RESPONSE: {"ifc_type": ["Wall", "Slab", "Roof", "Column", "Footing"], "occupancy": ["Assembly (A)", "Business (B)", "Residential (R)", "Mercantile (M)", "Storage (S)"], "design_phase": ["sd", "dd", "cd"], "code_category": "structural_design", "primary_responsibility": "structural_engineer"}
--------------------
[2026-01-14T16:06:31.363386+00:00] Row Index: 9
TITLE: Dangerous Buildings
BODY: When an historic building is determined as dangerous, no work shall be required except as necessary ...
ESTIMATED TOKENS SENT: 29
RESPONSE: {"ifc_type": ["Wall", "Roof", "Slab", "Column", "Stair"], "occupancy": ["Assembly (A)", "Business (B)", "Residential (R)", "Mercantile (M)", "Institutional (I)"], "design_phase": ["sd", "dd", "cd"], "code_category": "special_construction", "primary_responsibility": "architect"}
--------------------
[2026-01-14T16:06:33.682486+00:00] Row Index: 11
TITLE: New and Replacement Materials
BODY: Except as otherwise required or permitted by this code, materials permitted by the applicable code f...
ESTIMATED TOKENS SENT: 129
RESPONSE: {"ifc_type": ["Wall", "Slab", "Roof", "Covering", "Window"], "occupancy": ["Assembly (A)", "Business (B)", "Educational (E)", "Residential (R)", "Mercantile (M)"], "design_phase": ["sd", "dd", "cd"], "code_category": "finishes_materials", "primary_responsibility": "architect"}
--------------------
[2026-01-14T16:06:38.003103+00:00] Row Index: 12
TITLE: Glazing in Hazardous Locations
BODY: Replacement glazing in hazardous locations shall comply with the safety glazing requirements of the ...
ESTIMATED TOKENS SENT: 52
RESPONSE: {"ifc_type": ["Window", "Door", "CurtainWall", "ShadingDevice"], "occupancy": ["Assembly (A)", "Business (B)", "Educational (E)", "Residential (R)", "Mercantile (M)"], "design_phase": ["sd", "dd", "cd"], "code_category": "finishes_materials", "primary_responsibility": "architect"}
--------------------
[2026-01-14T16:06:40.878101+00:00] Row Index: 13
TITLE: Replacement
BODY: For repairs in an historic building, replacement or partial replacement of existing or missing featu...
ESTIMATED TOKENS SENT: 53
RESPONSE: {"ifc_type": ["Wall", "Door", "Window", "Roof", "Slab"], "occupancy": ["Assembly (A)", "Business (B)", "Educational (E)", "Mercantile (M)", "Residential (R)"], "design_phase": ["sd", "dd", "cd"], "code_category": "finishes_materials", "primary_responsibility": "architect"}
--------------------
[2026-01-14T16:06:43.380366+00:00] Row Index: 16
TITLE: Smoke Alarms in One-Family and Two-Family Dwellings and Townhomes
BODY: One-family and two-family dwellings and townhomes undergoing a repair, or a Level 1 alteration as de...
ESTIMATED TOKENS SENT: 225
RESPONSE: {"ifc_type": ["BuildingElementProxy"], "occupancy": ["Residential (R)"], "design_phase": ["sd", "dd", "cd"], "code_category": "fire_protection_alarm_systems", "primary_responsibility": "architect"}
--------------------
[2026-01-14T16:06:44.822203+00:00] Row Index: 23
TITLE: Repairs to Damaged Buildings
BODY: Repairs to damaged buildings shall comply with this section and Section 706, Existing Roofing....
ESTIMATED TOKENS SENT: 22
RESPONSE: {"ifc_type": ["Wall", "Roof", "Slab", "Door", "Window"], "occupancy": ["Assembly (A)", "Business (B)", "Educational (E)", "Factory and Industrial (F)", "Residential (R)"], "design_phase": ["cd", "ca"], "code_category": "assemblies_envelope", "primary_responsibility": "architect"}
--------------------
[2026-01-14T16:06:46.201076+00:00] Row Index: 24
TITLE: Repairs for Less Than Substantial Structural Damage
BODY: For damage less than substantial structural damage, the damaged elements shall be permitted to be re...
ESTIMATED TOKENS SENT: 34
RESPONSE: {"ifc_type": ["Wall", "Beam", "Column", "Slab", "Roof"], "occupancy": ["Business (B)", "Residential (R)", "Assembly (A)", "Educational (E)", "Mercantile (M)"], "design_phase": ["cd", "ca"], "code_category": "structural_design", "primary_responsibility": "structural_engineer"}
--------------------
[2026-01-14T16:06:53.295698+00:00] Row Index: 25
TITLE: Substantial Structural Damage to Vertical Elements of the Lateral Force-Resisting System
BODY: A building that has sustained substantial structural damage to the vertical elements of its lateral ...
ESTIMATED TOKENS SENT: 78
RESPONSE: {"ifc_type": ["Column", "Wall", "Beam"], "occupancy": ["Assembly (A)", "Business (B)", "Educational (E)", "Residential (R)", "Institutional (I)"], "design_phase": ["cd", "ca"], "code_category": "structural_design", "primary_responsibility": "structural_engineer"}
--------------------
[2026-01-14T16:06:54.876430+00:00] Row Index: 26
TITLE: Evaluation
BODY: The building shall be evaluated by a registered design professional, and the evaluation findings sha...
ESTIMATED TOKENS SENT: 70
RESPONSE: {"ifc_type": ["Wall", "Beam", "Column", "Slab", "Roof"], "occupancy": ["Assembly (A)", "Business (B)", "Educational (E)", "Residential (R)", "Mercantile (M)"], "design_phase": ["cd", "ca"], "code_category": "structural_design", "primary_responsibility": "structural_engineer"}
--------------------
[2026-01-14T16:06:56.676402+00:00] Row Index: 27
TITLE: Extent of Repair for Compliant Buildings
BODY: If the evaluation establishes that the building in its predamage condition complies with the provisi...
ESTIMATED TOKENS SENT: 49
RESPONSE: {"ifc_type": ["Wall", "Roof", "Slab"], "occupancy": ["Assembly (A)", "Business (B)", "Residential (R)"], "design_phase": ["sd", "dd", "cd"], "code_category": "assemblies_envelope", "primary_responsibility": "architect"}
--------------------
[2026-01-14T16:06:59.270226+00:00] Row Index: 28
TITLE: Extent of Repair for Noncompliant Buildings
BODY: If the evaluation does not establish that the building in its predamage condition complies with the ...
ESTIMATED TOKENS SENT: 114
RESPONSE: {"ifc_type": ["Wall", "Roof", "Slab", "Column"], "occupancy": ["Business (B)", "Residential (R)", "Assembly (A)"], "design_phase": ["sd", "dd", "cd"], "code_category": "structural_design", "primary_responsibility": "structural_engineer"}
--------------------
[2026-01-14T16:07:00.827837+00:00] Row Index: 29
TITLE: Substantial Structural Damage to Gravity Load-Carrying Components
BODY: Gravity load-carrying components that have sustained substantial structural damage shall be rehabili...
ESTIMATED TOKENS SENT: 85
RESPONSE: {"ifc_type": ["Beam", "Slab", "Column", "Footing", "Wall"], "occupancy": ["Assembly (A)", "Business (B)", "Educational (E)", "Factory and Industrial (F)", "Residential (R)"], "design_phase": ["dd", "cd", "ca"], "code_category": "structural_design", "primary_responsibility": "structural_engineer"}
--------------------
[2026-01-14T16:07:03.481152+00:00] Row Index: 30
TITLE: Lateral Force-Resisting Elements
BODY: Regardless of the level of damage to gravity elements of the lateral force-resisting system, if subs...
ESTIMATED TOKENS SENT: 69
RESPONSE: {"ifc_type": ["Wall", "Beam", "Column", "Slab"], "occupancy": ["Assembly (A)", "Business (B)", "Educational (E)", "Residential (R)", "Institutional (I)"], "design_phase": ["sd", "dd", "cd"], "code_category": "structural_design", "primary_responsibility": "structural_engineer"}
--------------------
[2026-01-14T16:07:05.156330+00:00] Row Index: 31
TITLE: Flood Hazard Areas
BODY: In flood hazard areas, buildings that have sustained substantial damage shall be brought into compli...
ESTIMATED TOKENS SENT: 49
RESPONSE: {"ifc_type": ["Slab", "Wall", "BuildingElementProxy"], "occupancy": ["Residential (R)", "Assembly (A)", "Business (B)", "Storage (S)"], "design_phase": ["sd", "dd", "cd"], "code_category": "site_planning", "primary_responsibility": "architect"}
--------------------
[2026-01-14T16:07:06.960480+00:00] Row Index: 33
TITLE: Material
BODY: Existing electrical wiring and equipment undergoing repair shall be allowed to be repaired or replac...
ESTIMATED TOKENS SENT: 24
RESPONSE: {"ifc_type": ["BuildingElementProxy"], "occupancy": ["Business (B)", "Residential (R)", "Assembly (A)", "Mercantile (M)", "Institutional (I)"], "design_phase": ["cd", "ca"], "code_category": "electrical_systems", "primary_responsibility": "electrical_engineer"}
--------------------
[2026-01-14T16:07:08.696235+00:00] Row Index: 34
TITLE: Receptacles
BODY: Replacement of electrical receptacles shall comply with the applicable requirements of Section 406.4...
ESTIMATED TOKENS SENT: 21
RESPONSE: {"ifc_type": ["BuildingElementProxy"], "occupancy": ["Assembly (A)", "Business (B)", "Educational (E)", "Factory and Industrial (F)", "Residential (R)"], "design_phase": ["cd", "ca"], "code_category": "electrical_systems", "primary_responsibility": "electrical_engineer"}
--------------------
[2026-01-14T16:07:10.335891+00:00] Row Index: 35
TITLE: Plug Fuses
BODY: Plug fuses of the Edison-base type shall be used for replacements only where there is no evidence of...
ESTIMATED TOKENS SENT: 42
RESPONSE: {"ifc_type": ["BuildingElementProxy"], "occupancy": ["Business (B)", "Assembly (A)", "Residential (R)", "Mercantile (M)", "Educational (E)"], "design_phase": ["cd", "ca"], "code_category": "electrical_systems", "primary_responsibility": "electrical_engineer"}
--------------------
[2026-01-14T16:07:12.806515+00:00] Row Index: 36
TITLE: Nongrounding-Type Receptacles
BODY: For replacement of nongrounding-type receptacles with grounding-type receptacles and for branch circ...
ESTIMATED TOKENS SENT: 88
RESPONSE: {"ifc_type": ["BuildingElementProxy"], "occupancy": ["Business (B)", "Residential (R)", "Assembly (A)", "Mercantile (M)"], "design_phase": ["dd", "cd"], "code_category": "electrical_systems", "primary_responsibility": "electrical_engineer"}
--------------------
[2026-01-14T16:07:19.450684+00:00] Row Index: 37
TITLE: Group I-2 Receptacles
BODY: Non-"hospital grade" receptacles in patient bed locations of Group I-2 shall be replaced with "hospi...
ESTIMATED TOKENS SENT: 40
RESPONSE: {"ifc_type": ["BuildingElementProxy"], "occupancy": ["Institutional (I)"], "design_phase": ["sd", "dd", "cd"], "code_category": "electrical_systems", "primary_responsibility": "electrical_engineer"}
--------------------
[2026-01-14T16:07:21.701092+00:00] Row Index: 38
TITLE: Grounding of Appliances
BODY: Frames of electric ranges, wall-mounted ovens, counter-mounted cooking units, clothes dryers and out...
ESTIMATED TOKENS SENT: 64
RESPONSE: {"ifc_type": ["BuildingElementProxy"], "occupancy": ["Residential (R)", "Business (B)", "Assembly (A)", "Mercantile (M)"], "design_phase": ["dd", "cd"], "code_category": "electrical_systems", "primary_responsibility": "electrical_engineer"}
--------------------
[2026-01-14T16:07:22.930604+00:00] Row Index: 40
TITLE: General
BODY: Existing mechanical systems undergoing repair shall not make the building less conforming than it wa...
ESTIMATED TOKENS SENT: 26
RESPONSE: {"ifc_type": ["BuildingElementProxy"], "occupancy": ["Assembly (A)", "Business (B)", "Educational (E)", "Factory and Industrial (F)", "Residential (R)"], "design_phase": ["cd", "ca"], "code_category": "mechanical_systems", "primary_responsibility": "mechanical_engineer"}
--------------------
[2026-01-14T16:07:25.290186+00:00] Row Index: 41
TITLE: Mechanical Draft Systems for Manually Fired Appliances and Fireplaces
BODY: A mechanical draft system shall be permitted to be used with manually fired appliances and fireplace...
ESTIMATED TOKENS SENT: 173
RESPONSE: {"ifc_type": ["BuildingElementProxy", "Chimney"], "occupancy": ["Assembly (A)", "Business (B)", "Residential (R)"], "design_phase": ["sd", "dd", "cd"], "code_category": "mechanical_systems", "primary_responsibility": "mechanical_engineer"}
--------------------
[2026-01-14T16:07:26.697652+00:00] Row Index: 43
TITLE: Materials
BODY: Plumbing materials and supplies shall not be used for repairs that are prohibited in the Florida Bui...
ESTIMATED TOKENS SENT: 25
RESPONSE: {"ifc_type": ["PlumbingSystems", "Covering"], "occupancy": ["Assembly (A)", "Business (B)", "Educational (E)", "Factory and Industrial (F)", "Residential (R)"], "design_phase": ["dd", "cd", "ca"], "code_category": "plumbing_systems", "primary_responsibility": "mechanical_engineer"}
--------------------
[2026-01-14T16:07:30.752686+00:00] Row Index: 44
TITLE: Water Closet Replacement
BODY: The maximum water consumption flow rates and quantities for all replaced water closets shall be 1.6 ...
ESTIMATED TOKENS SENT: 45
RESPONSE: {"ifc_type": ["PlumbingElement"], "occupancy": ["Assembly (A)", "Business (B)", "Educational (E)", "Factory and Industrial (F)", "Residential (R)"], "design_phase": ["dd", "cd"], "code_category": "plumbing_systems", "primary_responsibility": "architect"}
--------------------

==================================================
SUMMARY STATISTICS
Total Rows Processed by AI: 30
Total Estimated Tokens Sent: 1839
==================================================

CSV Saved Successfully at 2026-01-14T16:07:33.038299+00:00