Log started: 2026-01-14T20:12:35.811929+00:00
Source: download/washington/iebc-2021/chapter-4-repairs.csv
--------------------------------------------------

[2026-01-14T20:12:35.816859+00:00] Row Index: 3
TITLE: Bleachers, Grandstands and Folding and Telescopic Seating
BODY: Repairs to existing bleachers, grandstands and folding and telescopic seating shall comply with ICC ...
ESTIMATED TOKENS SENT: 28
RESPONSE: {"ifc_type": ["BuildingElementProxy"], "occupancy": ["Assembly (A)"], "design_phase": ["sd", "dd", "cd"], "code_category": "special_construction", "primary_responsibility": "architect"}
--------------------
[2026-01-14T20:12:37.012736+00:00] Row Index: 6
TITLE: Demolition and Replacement
BODY: Where a building or structure is effectively demolished by damage or where the intended method of re...
ESTIMATED TOKENS SENT: 77
RESPONSE: {"ifc_type": ["BuildingElementProxy", "Footing"], "occupancy": ["Assembly (A)", "Business (B)", "Residential (R)"], "design_phase": ["sd", "dd", "cd"], "code_category": "site_planning", "primary_responsibility": "architect"}
--------------------
[2026-01-14T20:12:38.822027+00:00] Row Index: 15
TITLE: Structural Concrete Repairs
BODY: Repair of structural concrete is permitted to comply with ACI 562 Section 1.7, except where Section ...
ESTIMATED TOKENS SENT: 36
RESPONSE: {"ifc_type": ["Slab", "Beam", "Column", "Footing", "Wall"], "occupancy": ["Assembly (A)", "Business (B)", "Educational (E)", "Factory and Industrial (F)", "Residential (R)"], "design_phase": ["sd", "dd", "cd"], "code_category": "structural_design", "primary_responsibility": "structural_engineer"}
--------------------
[2026-01-14T20:12:41.155685+00:00] Row Index: 29
TITLE: Material
BODY: Existing electrical wiring and equipment undergoing repair shall be allowed to be repaired or replac...
ESTIMATED TOKENS SENT: 24
RESPONSE: {"ifc_type": ["BuildingElementProxy"], "occupancy": ["Business (B)", "Residential (R)", "Mercantile (M)", "Assembly (A)", "Institutional (I)"], "design_phase": ["cd", "ca"], "code_category": "electrical_systems", "primary_responsibility": "electrical_engineer"}
--------------------
[2026-01-14T20:12:43.677724+00:00] Row Index: 30
TITLE: Receptacles
BODY: Replacement of electrical receptacles shall comply with the applicable requirements of Section 406.4...
ESTIMATED TOKENS SENT: 21
RESPONSE: {"ifc_type": ["BuildingElementProxy"], "occupancy": ["Assembly (A)", "Business (B)", "Educational (E)", "Factory and Industrial (F)", "Residential (R)"], "design_phase": ["cd", "ca"], "code_category": "electrical_systems", "primary_responsibility": "electrical_engineer"}
--------------------
[2026-01-14T20:12:45.015747+00:00] Row Index: 31
TITLE: Plug Fuses
BODY: Plug fuses of the Edison-base type shall be used for replacements only where there is no evidence of...
ESTIMATED TOKENS SENT: 42
RESPONSE: {"ifc_type": ["BuildingElementProxy"], "occupancy": ["Business (B)", "Educational (E)", "Factory and Industrial (F)", "Mercantile (M)", "Residential (R)"], "design_phase": ["cd", "ca"], "code_category": "electrical_systems", "primary_responsibility": "electrical_engineer"}
--------------------
[2026-01-14T20:12:46.780131+00:00] Row Index: 32
TITLE: Nongrounding-Type Receptacles
BODY: For replacement of nongrounding-type receptacles with grounding-type receptacles and for branch circ...
ESTIMATED TOKENS SENT: 88
RESPONSE: {"ifc_type": ["BuildingElementProxy"], "occupancy": ["Business (B)", "Residential (R)", "Assembly (A)"], "design_phase": ["sd", "dd", "cd"], "code_category": "electrical_systems", "primary_responsibility": "electrical_engineer"}
--------------------
[2026-01-14T20:12:49.041778+00:00] Row Index: 33
TITLE: Health Care Facilities
BODY: Portions of electrical systems being repaired in Group I-2, ambulatory care facilities and outpatien...
ESTIMATED TOKENS SENT: 33
RESPONSE: {"ifc_type": ["BuildingElementProxy"], "occupancy": ["Institutional (I)"], "design_phase": ["cd", "ca"], "code_category": "electrical_systems", "primary_responsibility": "electrical_engineer"}
--------------------
[2026-01-14T20:12:50.393005+00:00] Row Index: 34
TITLE: Grounding of Appliances
BODY: Frames of electric ranges, wall-mounted ovens, counter-mounted cooking units, clothes dryers and out...
ESTIMATED TOKENS SENT: 64
RESPONSE: {"ifc_type": ["BuildingElementProxy"], "occupancy": ["Assembly (A)", "Business (B)", "Educational (E)", "Institutional (I)", "Residential (R)"], "design_phase": ["dd", "cd"], "code_category": "electrical_systems", "primary_responsibility": "electrical_engineer"}
--------------------

==================================================
SUMMARY STATISTICS
Total Rows Processed by AI: 9
Total Estimated Tokens Sent: 413
==================================================

CSV Saved Successfully at 2026-01-14T20:12:51.997466+00:00