Log started: 2026-01-14T20:02:57.714275+00:00
Source: download/south-carolina/iebc-2021/chapter-5-prescriptive-compliance-method.csv
--------------------------------------------------

[2026-01-14T20:02:57.719600+00:00] Row Index: 8
TITLE: Disproportionate Earthquake Damage
BODY: A building assigned to Seismic Design Category D, E or F that has sustained disproportionate earthqu...
ESTIMATED TOKENS SENT: 52
RESPONSE: {"ifc_type": ["Column", "Beam", "Wall", "Slab", "Footing"], "occupancy": ["Assembly (A)", "Business (B)", "Residential (R)", "Institutional (I)", "Educational (E)"], "design_phase": ["sd", "dd", "cd"], "code_category": "structural_design", "primary_responsibility": "structural_engineer"}
--------------------
[2026-01-14T20:02:59.581023+00:00] Row Index: 9
TITLE: Flood Hazard Areas
BODY: For buildings and structures in flood hazard areas established in Section 1612.3 of the Internationa...
ESTIMATED TOKENS SENT: 161
RESPONSE: {"ifc_type": ["Slab", "Wall", "Footing", "BuildingElementProxy"], "occupancy": ["Assembly (A)", "Business (B)", "Educational (E)", "Residential (R)", "Storage (S)"], "design_phase": ["sd", "dd", "cd"], "code_category": "site_planning", "primary_responsibility": "architect"}
--------------------
[2026-01-14T20:03:01.295385+00:00] Row Index: 10
TITLE: Existing Structural Elements Carrying Gravity Load
BODY: Any existing gravity load-carrying structural element for which an addition and its related alterati...
ESTIMATED TOKENS SENT: 237
RESPONSE: {"ifc_type": ["Beam", "Column", "Footing", "Slab"], "occupancy": ["Residential (R)", "Business (B)", "Assembly (A)"], "design_phase": ["sd", "dd", "cd"], "code_category": "structural_design", "primary_responsibility": "structural_engineer"}
--------------------
[2026-01-14T20:03:03.009324+00:00] Row Index: 11
TITLE: Existing Structural Elements Carrying Lateral Load
BODY: Where the addition is structurally independent of the existing structure, existing lateral load-carr...
ESTIMATED TOKENS SENT: 282
RESPONSE: {"ifc_type": ["Wall", "Beam", "Column"], "occupancy": ["Residential (R)"], "design_phase": ["sd", "dd", "cd"], "code_category": "structural_design", "primary_responsibility": "structural_engineer"}
--------------------
[2026-01-14T20:03:05.049760+00:00] Row Index: 29
TITLE: Enhanced Classroom Acoustics
BODY: In Group E occupancies, where the work area exceeds 50 percent of the building area, enhanced classr...
ESTIMATED TOKENS SENT: 69
RESPONSE: {"ifc_type": ["Wall", "Slab", "Roof"], "occupancy": ["Educational (E)"], "design_phase": ["sd", "dd", "cd"], "code_category": "interior_environment", "primary_responsibility": "architect"}
--------------------
[2026-01-14T20:03:07.058541+00:00] Row Index: 30
TITLE: Locking Arrangements in Educational Occupancies
BODY: In Group E occupancies, Group B educational occupancies and Group I-4 occupancies, egress doors with...
ESTIMATED TOKENS SENT: 52
RESPONSE: {"ifc_type": ["Door"], "occupancy": ["Educational (E)", "Business (B)", "Institutional (I)"], "design_phase": ["sd", "dd", "cd"], "code_category": "means_of_egress", "primary_responsibility": "architect"}
--------------------
[2026-01-14T20:03:08.568440+00:00] Row Index: 31
TITLE: Two-Way Communications Systems
BODY: Where the work area for alterations exceeds 50 percent of the building area and the building has ele...
ESTIMATED TOKENS SENT: 50
RESPONSE: {"ifc_type": ["Elevator", "BuildingElementProxy"], "occupancy": ["Assembly (A)", "Business (B)", "Educational (E)", "Institutional (I)", "Residential (R)"], "design_phase": ["sd", "dd", "cd"], "code_category": "accessibility", "primary_responsibility": "architect"}
--------------------
[2026-01-14T20:03:11.259587+00:00] Row Index: 44
TITLE: Window Opening Control Devices on Replacement Windows
BODY: In Group R-2 or R-3 buildings containing dwelling units, and one- and two-family dwellings and townh...
ESTIMATED TOKENS SENT: 372
RESPONSE: {"ifc_type": ["Window"], "occupancy": ["Residential (R)"], "design_phase": ["sd", "dd", "cd"], "code_category": "fire_resistance_smoke_protection", "primary_responsibility": "architect"}
--------------------

==================================================
SUMMARY STATISTICS
Total Rows Processed by AI: 8
Total Estimated Tokens Sent: 1275
==================================================

CSV Saved Successfully at 2026-01-14T20:03:12.991718+00:00