Log started: 2026-01-14T20:41:19.260839+00:00
Source: download/ohio/irc-2018/chapter-5-floors.csv
--------------------------------------------------

[2026-01-14T20:41:19.265476+00:00] Row Index: 10
TITLE: Structural Glued Laminated Timbers
BODY: Glued laminated timbers shall be manufactured and identified as required in ANSI A190.1, ANSI 117 an...
ESTIMATED TOKENS SENT: 28
RESPONSE: {"ifc_type": ["Beam", "Column", "Member"], "occupancy": ["Assembly (A)", "Business (B)", "Educational (E)", "Residential (R)", "Mercantile (M)"], "design_phase": ["sd", "dd", "cd"], "code_category": "structural_design", "primary_responsibility": "structural_engineer"}
--------------------
[2026-01-14T20:41:20.989049+00:00] Row Index: 27
TITLE: Beams Ending on an Open Pocket
BODY: When not prescribed in the manufacturer's installation instructions, or as otherwise may be prescrib...
ESTIMATED TOKENS SENT: 188
RESPONSE: {"ifc_type": ["Beam", "Footing", "Wall"], "occupancy": ["Assembly (A)", "Business (B)", "Educational (E)", "Factory and Industrial (F)", "Residential (R)"], "design_phase": ["sd", "dd", "cd"], "code_category": "structural_design", "primary_responsibility": "structural_engineer"}
--------------------
[2026-01-14T20:41:22.733352+00:00] Row Index: 34
TITLE: Column to Beam Fastening
BODY: When not prescribed in the manufacturer's installation instructions, or as otherwise may be prescrib...
ESTIMATED TOKENS SENT: 350
RESPONSE: {"ifc_type": ["Column", "Beam", "Footing", "Plate"], "occupancy": ["Assembly (A)", "Business (B)", "Educational (E)", "Factory and Industrial (F)", "Residential (R)"], "design_phase": ["sd", "dd", "cd"], "code_category": "structural_design", "primary_responsibility": "structural_engineer"}
--------------------
[2026-01-14T20:41:24.410716+00:00] Row Index: 36
TITLE: Design
BODY: Wood trusses shall be designed in accordance with approved engineering practice. The design and manu...
ESTIMATED TOKENS SENT: 102
RESPONSE: {"ifc_type": ["Beam", "Member", "BuildingElementProxy"], "occupancy": ["Assembly (A)", "Business (B)", "Educational (E)", "Factory and Industrial (F)", "Residential (R)"], "design_phase": ["sd", "dd", "cd"], "code_category": "structural_design", "primary_responsibility": "structural_engineer"}
--------------------
[2026-01-14T20:41:25.639768+00:00] Row Index: 37
TITLE: Bracing
BODY: Trusses shall be braced to prevent rotation and provide lateral stability in accordance with the req...
ESTIMATED TOKENS SENT: 96
RESPONSE: {"ifc_type": ["Member", "Beam", "BuildingElementProxy"], "occupancy": ["Assembly (A)", "Business (B)", "Educational (E)", "Factory and Industrial (F)", "Residential (R)"], "design_phase": ["sd", "dd", "cd"], "code_category": "structural_design", "primary_responsibility": "structural_engineer"}
--------------------
[2026-01-14T20:41:27.140138+00:00] Row Index: 38
TITLE: Alterations to Trusses
BODY: Truss members and components shall not be cut, notched, spliced or otherwise altered in any way with...
ESTIMATED TOKENS SENT: 76
RESPONSE: {"ifc_type": ["Member", "Beam"], "occupancy": ["Assembly (A)", "Business (B)", "Educational (E)", "Residential (R)", "Factory and Industrial (F)"], "design_phase": ["sd", "dd", "cd"], "code_category": "structural_design", "primary_responsibility": "structural_engineer"}
--------------------
[2026-01-14T20:41:28.418888+00:00] Row Index: 39
TITLE: Truss Design Drawings
BODY: Truss design drawings, prepared in compliance with Section 502.11.1, shall be submitted to the build...
ESTIMATED TOKENS SENT: 285
RESPONSE: {"ifc_type": ["Beam", "Member", "BuildingElementProxy"], "occupancy": ["Assembly (A)", "Business (B)", "Educational (E)", "Factory and Industrial (F)", "Residential (R)"], "design_phase": ["cd", "ca"], "code_category": "structural_design", "primary_responsibility": "structural_engineer"}
--------------------
[2026-01-14T20:41:29.944343+00:00] Row Index: 40
TITLE: Draftstopping Required
BODY: Draftstopping shall be provided in accordance with Section 302.12....
ESTIMATED TOKENS SENT: 13
RESPONSE: {"ifc_type": ["Wall", "Slab", "BuildingElementProxy"], "occupancy": ["Assembly (A)", "Business (B)", "Educational (E)", "Residential (R)", "Storage (S)"], "design_phase": ["sd", "dd", "cd"], "code_category": "fire_resistance_smoke_protection", "primary_responsibility": "architect"}
--------------------
[2026-01-14T20:41:31.756471+00:00] Row Index: 41
TITLE: Fireblocking Required
BODY: Fireblocking shall be provided in accordance with Section 302.11....
ESTIMATED TOKENS SENT: 13
RESPONSE: {"ifc_type": ["Wall", "Slab", "Covering"], "occupancy": ["Assembly (A)", "Business (B)", "Residential (R)", "Institutional (I)", "Educational (E)"], "design_phase": ["sd", "dd", "cd"], "code_category": "fire_resistance_smoke_protection", "primary_responsibility": "architect"}
--------------------
[2026-01-14T20:41:33.276948+00:00] Row Index: 73
TITLE: Web Holes
BODY: Web holes in floor joists shall comply with all of the following conditions: Holes shall conform to ...
ESTIMATED TOKENS SENT: 204
RESPONSE: {"ifc_type": ["Beam"], "occupancy": ["Assembly (A)", "Business (B)", "Educational (E)", "Residential (R)", "Storage (S)"], "design_phase": ["sd", "dd", "cd"], "code_category": "structural_design", "primary_responsibility": "structural_engineer"}
--------------------
[2026-01-14T20:41:36.862865+00:00] Row Index: 74
TITLE: Web Hole Reinforcing
BODY: Reinforcement of web holes in floor joists not conforming to the requirements of Section 505.2.6.1 s...
ESTIMATED TOKENS SENT: 205
RESPONSE: {"ifc_type": ["Beam", "Slab"], "occupancy": ["Assembly (A)", "Business (B)", "Educational (E)", "Residential (R)", "Mercantile (M)"], "design_phase": ["sd", "dd", "cd"], "code_category": "structural_design", "primary_responsibility": "structural_engineer"}
--------------------
[2026-01-14T20:41:38.438413+00:00] Row Index: 75
TITLE: Hole Patching
BODY: Patching of web holes in floor joists not conforming to the requirements in Section 505.2.6.1 shall ...
ESTIMATED TOKENS SENT: 274
RESPONSE: {"ifc_type": ["Beam", "Slab"], "occupancy": ["Assembly (A)", "Business (B)", "Educational (E)", "Residential (R)", "Mercantile (M)"], "design_phase": ["sd", "dd", "cd"], "code_category": "structural_design", "primary_responsibility": "structural_engineer"}
--------------------
[2026-01-14T20:41:40.199663+00:00] Row Index: 91
TITLE: Site Preparation
BODY: The area within the foundation walls shall have all vegetation, top soil and foreign material remove...
ESTIMATED TOKENS SENT: 22
RESPONSE: {"ifc_type": ["Footing", "Slab", "BuildingElementProxy", "EarthworksElement"], "occupancy": ["Assembly (A)", "Business (B)", "Educational (E)", "Factory and Industrial (F)", "Residential (R)"], "design_phase": ["sd", "dd", "cd"], "code_category": "site_planning", "primary_responsibility": "civil_engineer"}
--------------------
[2026-01-14T20:41:41.860045+00:00] Row Index: 92
TITLE: Fill
BODY: Fill material shall be free of vegetation and foreign material. The fill shall be compacted to ensur...
ESTIMATED TOKENS SENT: 80
RESPONSE: {"ifc_type": ["Slab", "EarthworksElement", "Footing"], "occupancy": ["Assembly (A)", "Business (B)", "Educational (E)", "Factory and Industrial (F)", "Residential (R)"], "design_phase": ["sd", "dd", "cd"], "code_category": "structural_design", "primary_responsibility": "civil_engineer"}
--------------------
[2026-01-14T20:41:43.688939+00:00] Row Index: 93
TITLE: Base
BODY: A 4-inch-thick (102 mm) base course consisting of clean graded sand, gravel, crushed stone, crushed ...
ESTIMATED TOKENS SENT: 97
RESPONSE: {"ifc_type": ["Slab"], "occupancy": ["Assembly (A)", "Business (B)", "Educational (E)", "Factory and Industrial (F)", "Residential (R)"], "design_phase": ["sd", "dd", "cd"], "code_category": "assemblies_envelope", "primary_responsibility": "architect"}
--------------------
[2026-01-14T20:41:45.245525+00:00] Row Index: 94
TITLE: Vapor Retarder
BODY: A 6-mil (0.006 inch; 152 µm) polyethylene or approved vapor retarder with joints lapped not less tha...
ESTIMATED TOKENS SENT: 141
RESPONSE: {"ifc_type": ["Slab"], "occupancy": ["Business (B)", "Educational (E)", "Factory and Industrial (F)", "Mercantile (M)", "Residential (R)"], "design_phase": ["sd", "dd", "cd"], "code_category": "assemblies_envelope", "primary_responsibility": "architect"}
--------------------
[2026-01-14T20:41:46.803681+00:00] Row Index: 95
TITLE: Reinforcement Support
BODY: Where provided in slabs-on-ground, reinforcement shall be supported to remain in place from the cent...
ESTIMATED TOKENS SENT: 38
RESPONSE: {"ifc_type": ["Slab"], "occupancy": ["Assembly (A)", "Business (B)", "Educational (E)", "Mercantile (M)", "Residential (R)"], "design_phase": ["sd", "dd", "cd"], "code_category": "structural_design", "primary_responsibility": "structural_engineer"}
--------------------
[2026-01-14T20:41:48.628781+00:00] Row Index: 101
TITLE: Plastic Composite Deck Boards, Stair Treads, Guards, or Handrails
BODY: Plastic composite exterior deck boards, stair treads, guards and handrails shall comply with the req...
ESTIMATED TOKENS SENT: 38
RESPONSE: {"ifc_type": ["Slab", "Stair", "Railing"], "occupancy": ["Assembly (A)", "Business (B)", "Residential (R)", "Mercantile (M)"], "design_phase": ["dd", "cd"], "code_category": "finishes_materials", "primary_responsibility": "architect"}
--------------------

==================================================
SUMMARY STATISTICS
Total Rows Processed by AI: 18
Total Estimated Tokens Sent: 2250
==================================================

CSV Saved Successfully at 2026-01-14T20:41:49.953866+00:00