Log started: 2026-01-14T20:07:25.244386+00:00
Source: download/texas/ibc-2021/chapter-5-general-building-heights-and-areas.csv
--------------------------------------------------

[2026-01-14T20:07:25.248567+00:00] Row Index: 10
TITLE: Occupied Roofs
BODY: A roof level or portion thereof shall be permitted to be used as an occupied roof provided the occup...
ESTIMATED TOKENS SENT: 273
RESPONSE: {"ifc_type": ["Slab", "Roof", "BuildingElementProxy"], "occupancy": ["Assembly (A)", "Business (B)", "Educational (E)", "Factory and Industrial (F)", "High Hazard (H)"], "design_phase": ["sd", "dd", "cd"], "code_category": "building_height_area_limits", "primary_responsibility": "architect"}
--------------------
[2026-01-14T20:07:27.331477+00:00] Row Index: 11
TITLE: Enclosures Over Occupied Roof Areas
BODY: Elements or structures enclosing the occupied roof areas shall not extend more than 48 inches (1220 ...
ESTIMATED TOKENS SENT: 62
RESPONSE: {"ifc_type": ["Roof", "Wall", "BuildingElementProxy"], "occupancy": ["Assembly (A)", "Business (B)", "Educational (E)", "Mercantile (M)", "Residential (R)"], "design_phase": ["sd", "dd", "cd"], "code_category": "building_height_area_limits", "primary_responsibility": "architect"}
--------------------

==================================================
SUMMARY STATISTICS
Total Rows Processed by AI: 2
Total Estimated Tokens Sent: 335
==================================================

CSV Saved Successfully at 2026-01-14T20:07:31.636882+00:00